01:03:54 | INFO | storage_service | –°–æ—Ö—Ä–∞–Ω–µ–Ω–∏–µ —Ä–µ–ø–æ–∑–∏—Ç–æ—Ä–∏—è –≤ —Ñ–∞–π–ª appsettings.json.
01:03:54 | INFO | settings_manager | –ò–∑–º–µ–Ω–µ–Ω–∞ –¥–∞—Ç–∞ –±–ª–æ–∫–∏—Ä–æ–≤–∫–∏ c 1900-01-01 –Ω–∞ 2025-05-12
01:03:54 | INFO | storage_service | –ü–µ—Ä–µ—Å—á–∏—Ç–∞–Ω—ã –æ—Å—Ç–∞—Ç–∫–∏ –Ω–æ–º–µ–Ω–∫–ª–∞—Ç—É—Ä –¥–ª—è –Ω–æ–≤–æ–π –¥–∞—Ç—ã –±–ª–æ–∫–∏—Ä–æ–≤–∫–∏ 2025-05-12
01:03:54 | INFO | storage_service | –°–æ—Ö—Ä–∞–Ω–µ–Ω–∏–µ —Ä–µ–ø–æ–∑–∏—Ç–æ—Ä–∏—è –≤ —Ñ–∞–π–ª appsettings.json.
01:03:54 | INFO | settings_manager | –ò–∑–º–µ–Ω–µ–Ω–∞ –¥–∞—Ç–∞ –±–ª–æ–∫–∏—Ä–æ–≤–∫–∏ c 1900-01-01 –Ω–∞ 2025-05-12
01:03:54 | INFO | storage_service | –ü–µ—Ä–µ—Å—á–∏—Ç–∞–Ω—ã –æ—Å—Ç–∞—Ç–∫–∏ –Ω–æ–º–µ–Ω–∫–ª–∞—Ç—É—Ä –¥–ª—è –Ω–æ–≤–æ–π –¥–∞—Ç—ã –±–ª–æ–∫–∏—Ä–æ–≤–∫–∏ 2025-05-12
01:03:54 | INFO | storage_service | –°–æ—Ö—Ä–∞–Ω–µ–Ω–∏–µ —Ä–µ–ø–æ–∑–∏—Ç–æ—Ä–∏—è –≤ —Ñ–∞–π–ª appsettings.json.
01:03:54 | INFO | settings_manager | –ò–∑–º–µ–Ω–µ–Ω–∞ –¥–∞—Ç–∞ –±–ª–æ–∫–∏—Ä–æ–≤–∫–∏ c 1900-01-01 –Ω–∞ 2025-05-12
01:03:54 | INFO | storage_service | –ü–µ—Ä–µ—Å—á–∏—Ç–∞–Ω—ã –æ—Å—Ç–∞—Ç–∫–∏ –Ω–æ–º–µ–Ω–∫–ª–∞—Ç—É—Ä –¥–ª—è –Ω–æ–≤–æ–π –¥–∞—Ç—ã –±–ª–æ–∫–∏—Ä–æ–≤–∫–∏ 2025-05-12
01:03:54 | INFO | storage_service | –°–æ—Ö—Ä–∞–Ω–µ–Ω–∏–µ —Ä–µ–ø–æ–∑–∏—Ç–æ—Ä–∏—è –≤ —Ñ–∞–π–ª appsettings.json.
01:03:54 | INFO | settings_manager | –ò–∑–º–µ–Ω–µ–Ω–∞ –¥–∞—Ç–∞ –±–ª–æ–∫–∏—Ä–æ–≤–∫–∏ c 1900-01-01 –Ω–∞ 2025-05-12
01:03:54 | INFO | storage_service | –ü–µ—Ä–µ—Å—á–∏—Ç–∞–Ω—ã –æ—Å—Ç–∞—Ç–∫–∏ –Ω–æ–º–µ–Ω–∫–ª–∞—Ç—É—Ä –¥–ª—è –Ω–æ–≤–æ–π –¥–∞—Ç—ã –±–ª–æ–∫–∏—Ä–æ–≤–∫–∏ 2025-05-12
01:03:54 | INFO | storage_service | –°–æ—Ö—Ä–∞–Ω–µ–Ω–∏–µ —Ä–µ–ø–æ–∑–∏—Ç–æ—Ä–∏—è –≤ —Ñ–∞–π–ª appsettings.json.
01:03:54 | INFO | settings_manager | –ò–∑–º–µ–Ω–µ–Ω–∞ –¥–∞—Ç–∞ –±–ª–æ–∫–∏—Ä–æ–≤–∫–∏ c 1900-01-01 –Ω–∞ 2025-05-12
01:03:54 | INFO | storage_service | –ü–µ—Ä–µ—Å—á–∏—Ç–∞–Ω—ã –æ—Å—Ç–∞—Ç–∫–∏ –Ω–æ–º–µ–Ω–∫–ª–∞—Ç—É—Ä –¥–ª—è –Ω–æ–≤–æ–π –¥–∞—Ç—ã –±–ª–æ–∫–∏—Ä–æ–≤–∫–∏ 2025-05-12
01:03:54 | INFO | storage_service | –°–æ—Ö—Ä–∞–Ω–µ–Ω–∏–µ —Ä–µ–ø–æ–∑–∏—Ç–æ—Ä–∏—è –≤ —Ñ–∞–π–ª appsettings.json.
01:03:54 | INFO | settings_manager | –ò–∑–º–µ–Ω–µ–Ω–∞ –¥–∞—Ç–∞ –±–ª–æ–∫–∏—Ä–æ–≤–∫–∏ c 1900-01-01 –Ω–∞ 2025-05-12
01:03:54 | INFO | storage_service | –ü–µ—Ä–µ—Å—á–∏—Ç–∞–Ω—ã –æ—Å—Ç–∞—Ç–∫–∏ –Ω–æ–º–µ–Ω–∫–ª–∞—Ç—É—Ä –¥–ª—è –Ω–æ–≤–æ–π –¥–∞—Ç—ã –±–ª–æ–∫–∏—Ä–æ–≤–∫–∏ 2025-05-12
01:03:54 | INFO | storage_service | –°–æ—Ö—Ä–∞–Ω–µ–Ω–∏–µ —Ä–µ–ø–æ–∑–∏—Ç–æ—Ä–∏—è –≤ —Ñ–∞–π–ª appsettings.json.
01:03:54 | INFO | settings_manager | –ò–∑–º–µ–Ω–µ–Ω–∞ –¥–∞—Ç–∞ –±–ª–æ–∫–∏—Ä–æ–≤–∫–∏ c 1900-01-01 –Ω–∞ 2025-05-12
01:03:54 | INFO | storage_service | –ü–µ—Ä–µ—Å—á–∏—Ç–∞–Ω—ã –æ—Å—Ç–∞—Ç–∫–∏ –Ω–æ–º–µ–Ω–∫–ª–∞—Ç—É—Ä –¥–ª—è –Ω–æ–≤–æ–π –¥–∞—Ç—ã –±–ª–æ–∫–∏—Ä–æ–≤–∫–∏ 2025-05-12
01:03:54 | INFO | storage_service | –°–æ—Ö—Ä–∞–Ω–µ–Ω–∏–µ —Ä–µ–ø–æ–∑–∏—Ç–æ—Ä–∏—è –≤ —Ñ–∞–π–ª appsettings.json.
01:03:54 | INFO | settings_manager | –ò–∑–º–µ–Ω–µ–Ω–∞ –¥–∞—Ç–∞ –±–ª–æ–∫–∏—Ä–æ–≤–∫–∏ c 1900-01-01 –Ω–∞ 2025-05-12
01:03:54 | INFO | storage_service | –ü–µ—Ä–µ—Å—á–∏—Ç–∞–Ω—ã –æ—Å—Ç–∞—Ç–∫–∏ –Ω–æ–º–µ–Ω–∫–ª–∞—Ç—É—Ä –¥–ª—è –Ω–æ–≤–æ–π –¥–∞—Ç—ã –±–ª–æ–∫–∏—Ä–æ–≤–∫–∏ 2025-05-12
01:14:41 | INFO | storage_service | –°–æ—Ö—Ä–∞–Ω–µ–Ω–∏–µ —Ä–µ–ø–æ–∑–∏—Ç–æ—Ä–∏—è –≤ —Ñ–∞–π–ª appsettings.json.
01:14:41 | INFO | settings_manager | –ò–∑–º–µ–Ω–µ–Ω–∞ –¥–∞—Ç–∞ –±–ª–æ–∫–∏—Ä–æ–≤–∫–∏ c 1900-01-01 –Ω–∞ 2025-05-12
01:14:41 | INFO | storage_service | –ü–µ—Ä–µ—Å—á–∏—Ç–∞–Ω—ã –æ—Å—Ç–∞—Ç–∫–∏ –Ω–æ–º–µ–Ω–∫–ª–∞—Ç—É—Ä –¥–ª—è –Ω–æ–≤–æ–π –¥–∞—Ç—ã –±–ª–æ–∫–∏—Ä–æ–≤–∫–∏ 2025-05-12
01:14:41 | INFO | storage_service | –°–æ—Ö—Ä–∞–Ω–µ–Ω–∏–µ —Ä–µ–ø–æ–∑–∏—Ç–æ—Ä–∏—è –≤ —Ñ–∞–π–ª appsettings.json.
01:14:41 | INFO | settings_manager | –ò–∑–º–µ–Ω–µ–Ω–∞ –¥–∞—Ç–∞ –±–ª–æ–∫–∏—Ä–æ–≤–∫–∏ c 1900-01-01 –Ω–∞ 2025-05-12
01:14:41 | INFO | storage_service | –ü–µ—Ä–µ—Å—á–∏—Ç–∞–Ω—ã –æ—Å—Ç–∞—Ç–∫–∏ –Ω–æ–º–µ–Ω–∫–ª–∞—Ç—É—Ä –¥–ª—è –Ω–æ–≤–æ–π –¥–∞—Ç—ã –±–ª–æ–∫–∏—Ä–æ–≤–∫–∏ 2025-05-12
01:14:41 | INFO | storage_service | –°–æ—Ö—Ä–∞–Ω–µ–Ω–∏–µ —Ä–µ–ø–æ–∑–∏—Ç–æ—Ä–∏—è –≤ —Ñ–∞–π–ª appsettings.json.
01:14:41 | INFO | settings_manager | –ò–∑–º–µ–Ω–µ–Ω–∞ –¥–∞—Ç–∞ –±–ª–æ–∫–∏—Ä–æ–≤–∫–∏ c 1900-01-01 –Ω–∞ 2025-05-12
01:14:41 | INFO | storage_service | –ü–µ—Ä–µ—Å—á–∏—Ç–∞–Ω—ã –æ—Å—Ç–∞—Ç–∫–∏ –Ω–æ–º–µ–Ω–∫–ª–∞—Ç—É—Ä –¥–ª—è –Ω–æ–≤–æ–π –¥–∞—Ç—ã –±–ª–æ–∫–∏—Ä–æ–≤–∫–∏ 2025-05-12
01:14:41 | INFO | storage_service | –°–æ—Ö—Ä–∞–Ω–µ–Ω–∏–µ —Ä–µ–ø–æ–∑–∏—Ç–æ—Ä–∏—è –≤ —Ñ–∞–π–ª appsettings.json.
01:14:41 | INFO | settings_manager | –ò–∑–º–µ–Ω–µ–Ω–∞ –¥–∞—Ç–∞ –±–ª–æ–∫–∏—Ä–æ–≤–∫–∏ c 1900-01-01 –Ω–∞ 2025-05-12
01:14:41 | INFO | storage_service | –ü–µ—Ä–µ—Å—á–∏—Ç–∞–Ω—ã –æ—Å—Ç–∞—Ç–∫–∏ –Ω–æ–º–µ–Ω–∫–ª–∞—Ç—É—Ä –¥–ª—è –Ω–æ–≤–æ–π –¥–∞—Ç—ã –±–ª–æ–∫–∏—Ä–æ–≤–∫–∏ 2025-05-12
01:14:41 | INFO | storage_service | –°–æ—Ö—Ä–∞–Ω–µ–Ω–∏–µ —Ä–µ–ø–æ–∑–∏—Ç–æ—Ä–∏—è –≤ —Ñ–∞–π–ª appsettings.json.
01:14:41 | INFO | settings_manager | –ò–∑–º–µ–Ω–µ–Ω–∞ –¥–∞—Ç–∞ –±–ª–æ–∫–∏—Ä–æ–≤–∫–∏ c 1900-01-01 –Ω–∞ 2025-05-12
01:14:41 | INFO | storage_service | –ü–µ—Ä–µ—Å—á–∏—Ç–∞–Ω—ã –æ—Å—Ç–∞—Ç–∫–∏ –Ω–æ–º–µ–Ω–∫–ª–∞—Ç—É—Ä –¥–ª—è –Ω–æ–≤–æ–π –¥–∞—Ç—ã –±–ª–æ–∫–∏—Ä–æ–≤–∫–∏ 2025-05-12
01:14:41 | INFO | storage_service | –°–æ—Ö—Ä–∞–Ω–µ–Ω–∏–µ —Ä–µ–ø–æ–∑–∏—Ç–æ—Ä–∏—è –≤ —Ñ–∞–π–ª appsettings.json.
01:14:41 | INFO | settings_manager | –ò–∑–º–µ–Ω–µ–Ω–∞ –¥–∞—Ç–∞ –±–ª–æ–∫–∏—Ä–æ–≤–∫–∏ c 1900-01-01 –Ω–∞ 2025-05-12
01:14:41 | INFO | storage_service | –ü–µ—Ä–µ—Å—á–∏—Ç–∞–Ω—ã –æ—Å—Ç–∞—Ç–∫–∏ –Ω–æ–º–µ–Ω–∫–ª–∞—Ç—É—Ä –¥–ª—è –Ω–æ–≤–æ–π –¥–∞—Ç—ã –±–ª–æ–∫–∏—Ä–æ–≤–∫–∏ 2025-05-12
01:14:41 | INFO | storage_service | –°–æ—Ö—Ä–∞–Ω–µ–Ω–∏–µ —Ä–µ–ø–æ–∑–∏—Ç–æ—Ä–∏—è –≤ —Ñ–∞–π–ª appsettings.json.
01:14:41 | INFO | settings_manager | –ò–∑–º–µ–Ω–µ–Ω–∞ –¥–∞—Ç–∞ –±–ª–æ–∫–∏—Ä–æ–≤–∫–∏ c 1900-01-01 –Ω–∞ 2025-05-12
01:14:41 | INFO | storage_service | –ü–µ—Ä–µ—Å—á–∏—Ç–∞–Ω—ã –æ—Å—Ç–∞—Ç–∫–∏ –Ω–æ–º–µ–Ω–∫–ª–∞—Ç—É—Ä –¥–ª—è –Ω–æ–≤–æ–π –¥–∞—Ç—ã –±–ª–æ–∫–∏—Ä–æ–≤–∫–∏ 2025-05-12
01:14:41 | INFO | storage_service | –°–æ—Ö—Ä–∞–Ω–µ–Ω–∏–µ —Ä–µ–ø–æ–∑–∏—Ç–æ—Ä–∏—è –≤ —Ñ–∞–π–ª appsettings.json.
01:14:41 | INFO | settings_manager | –ò–∑–º–µ–Ω–µ–Ω–∞ –¥–∞—Ç–∞ –±–ª–æ–∫–∏—Ä–æ–≤–∫–∏ c 1900-01-01 –Ω–∞ 2025-05-12
01:14:41 | INFO | storage_service | –ü–µ—Ä–µ—Å—á–∏—Ç–∞–Ω—ã –æ—Å—Ç–∞—Ç–∫–∏ –Ω–æ–º–µ–Ω–∫–ª–∞—Ç—É—Ä –¥–ª—è –Ω–æ–≤–æ–π –¥–∞—Ç—ã –±–ª–æ–∫–∏—Ä–æ–≤–∫–∏ 2025-05-12
01:14:51 | INFO | storage_service | –°–æ—Ö—Ä–∞–Ω–µ–Ω–∏–µ —Ä–µ–ø–æ–∑–∏—Ç–æ—Ä–∏—è –≤ —Ñ–∞–π–ª appsettings.json.
01:14:51 | INFO | settings_manager | –ò–∑–º–µ–Ω–µ–Ω–∞ –¥–∞—Ç–∞ –±–ª–æ–∫–∏—Ä–æ–≤–∫–∏ c 1900-01-01 –Ω–∞ 2025-05-12
01:14:51 | INFO | storage_service | –°–æ—Ö—Ä–∞–Ω–µ–Ω–∏–µ —Ä–µ–ø–æ–∑–∏—Ç–æ—Ä–∏—è –≤ —Ñ–∞–π–ª appsettings.json.
01:14:51 | INFO | storage_service | –°–æ—Ö—Ä–∞–Ω–µ–Ω–∏–µ —Ä–µ–ø–æ–∑–∏—Ç–æ—Ä–∏—è –≤ —Ñ–∞–π–ª appsettings.json.
01:14:51 | INFO | settings_manager | –ò–∑–º–µ–Ω–µ–Ω–∞ –¥–∞—Ç–∞ –±–ª–æ–∫–∏—Ä–æ–≤–∫–∏ c 1900-01-01 –Ω–∞ 2025-05-12
01:14:51 | INFO | settings_manager | –ò–∑–º–µ–Ω–µ–Ω–∞ –¥–∞—Ç–∞ –±–ª–æ–∫–∏—Ä–æ–≤–∫–∏ c 1900-01-01 –Ω–∞ 2025-05-12
01:14:51 | INFO | storage_service | –ü–µ—Ä–µ—Å—á–∏—Ç–∞–Ω—ã –æ—Å—Ç–∞—Ç–∫–∏ –Ω–æ–º–µ–Ω–∫–ª–∞—Ç—É—Ä –¥–ª—è –Ω–æ–≤–æ–π –¥–∞—Ç—ã –±–ª–æ–∫–∏—Ä–æ–≤–∫–∏ 2025-05-12
01:14:51 | INFO | storage_service | –ü–µ—Ä–µ—Å—á–∏—Ç–∞–Ω—ã –æ—Å—Ç–∞—Ç–∫–∏ –Ω–æ–º–µ–Ω–∫–ª–∞—Ç—É—Ä –¥–ª—è –Ω–æ–≤–æ–π –¥–∞—Ç—ã –±–ª–æ–∫–∏—Ä–æ–≤–∫–∏ 2025-05-12
01:14:51 | INFO | storage_service | –°–æ—Ö—Ä–∞–Ω–µ–Ω–∏–µ —Ä–µ–ø–æ–∑–∏—Ç–æ—Ä–∏—è –≤ —Ñ–∞–π–ª appsettings.json.
01:14:51 | INFO | storage_service | –°–æ—Ö—Ä–∞–Ω–µ–Ω–∏–µ —Ä–µ–ø–æ–∑–∏—Ç–æ—Ä–∏—è –≤ —Ñ–∞–π–ª appsettings.json.
01:14:51 | INFO | settings_manager | –ò–∑–º–µ–Ω–µ–Ω–∞ –¥–∞—Ç–∞ –±–ª–æ–∫–∏—Ä–æ–≤–∫–∏ c 1900-01-01 –Ω–∞ 2025-05-12
01:14:51 | INFO | storage_service | –ü–µ—Ä–µ—Å—á–∏—Ç–∞–Ω—ã –æ—Å—Ç–∞—Ç–∫–∏ –Ω–æ–º–µ–Ω–∫–ª–∞—Ç—É—Ä –¥–ª—è –Ω–æ–≤–æ–π –¥–∞—Ç—ã –±–ª–æ–∫–∏—Ä–æ–≤–∫–∏ 2025-05-12
01:14:51 | INFO | storage_service | –°–æ—Ö—Ä–∞–Ω–µ–Ω–∏–µ —Ä–µ–ø–æ–∑–∏—Ç–æ—Ä–∏—è –≤ —Ñ–∞–π–ª appsettings.json.
01:14:51 | INFO | settings_manager | –ò–∑–º–µ–Ω–µ–Ω–∞ –¥–∞—Ç–∞ –±–ª–æ–∫–∏—Ä–æ–≤–∫–∏ c 1900-01-01 –Ω–∞ 2025-05-12
01:14:51 | INFO | storage_service | –ü–µ—Ä–µ—Å—á–∏—Ç–∞–Ω—ã –æ—Å—Ç–∞—Ç–∫–∏ –Ω–æ–º–µ–Ω–∫–ª–∞—Ç—É—Ä –¥–ª—è –Ω–æ–≤–æ–π –¥–∞—Ç—ã –±–ª–æ–∫–∏—Ä–æ–≤–∫–∏ 2025-05-12
01:14:51 | INFO | storage_service | –ü–µ—Ä–µ—Å—á–∏—Ç–∞–Ω—ã –æ—Å—Ç–∞—Ç–∫–∏ –Ω–æ–º–µ–Ω–∫–ª–∞—Ç—É—Ä –¥–ª—è –Ω–æ–≤–æ–π –¥–∞—Ç—ã –±–ª–æ–∫–∏—Ä–æ–≤–∫–∏ 2025-05-12
01:14:51 | INFO | storage_service | –°–æ—Ö—Ä–∞–Ω–µ–Ω–∏–µ —Ä–µ–ø–æ–∑–∏—Ç–æ—Ä–∏—è –≤ —Ñ–∞–π–ª appsettings.json.
01:14:51 | INFO | settings_manager | –ò–∑–º–µ–Ω–µ–Ω–∞ –¥–∞—Ç–∞ –±–ª–æ–∫–∏—Ä–æ–≤–∫–∏ c 1900-01-01 –Ω–∞ 2025-05-12
01:14:51 | INFO | storage_service | –°–æ—Ö—Ä–∞–Ω–µ–Ω–∏–µ —Ä–µ–ø–æ–∑–∏—Ç–æ—Ä–∏—è –≤ —Ñ–∞–π–ª appsettings.json.
01:14:51 | INFO | storage_service | –ü–µ—Ä–µ—Å—á–∏—Ç–∞–Ω—ã –æ—Å—Ç–∞—Ç–∫–∏ –Ω–æ–º–µ–Ω–∫–ª–∞—Ç—É—Ä –¥–ª—è –Ω–æ–≤–æ–π –¥–∞—Ç—ã –±–ª–æ–∫–∏—Ä–æ–≤–∫–∏ 2025-05-12
01:14:51 | INFO | settings_manager | –ò–∑–º–µ–Ω–µ–Ω–∞ –¥–∞—Ç–∞ –±–ª–æ–∫–∏—Ä–æ–≤–∫–∏ c 1900-01-01 –Ω–∞ 2025-05-12
01:14:51 | INFO | storage_service | –°–æ—Ö—Ä–∞–Ω–µ–Ω–∏–µ —Ä–µ–ø–æ–∑–∏—Ç–æ—Ä–∏—è –≤ —Ñ–∞–π–ª appsettings.json.
01:14:51 | INFO | storage_service | –°–æ—Ö—Ä–∞–Ω–µ–Ω–∏–µ —Ä–µ–ø–æ–∑–∏—Ç–æ—Ä–∏—è –≤ —Ñ–∞–π–ª appsettings.json.
01:14:51 | INFO | settings_manager | –ò–∑–º–µ–Ω–µ–Ω–∞ –¥–∞—Ç–∞ –±–ª–æ–∫–∏—Ä–æ–≤–∫–∏ c 1900-01-01 –Ω–∞ 2025-05-12
 –¥–∞—Ç—ã –±–ª–æ–∫–∏—Ä–æ–≤–∫–∏ 2025-05-12
01:14:51 | INFO | storage_service | –°–æ—Ö—Ä–∞–Ω–µ–Ω–∏–µ —Ä–µ–ø–æ–∑–∏—Ç–æ—Ä–∏—è –≤ —Ñ–∞–π–ª appsettings.json.
01:14:51 | INFO | storage_service | –ü–µ—Ä–µ—Å—á–∏—Ç–∞–Ω—ã –æ—Å—Ç–∞—Ç–∫–∏ –Ω–æ–º–µ–Ω–∫–ª–∞—Ç—É—Ä –¥–ª—è –Ω–æ–≤–æ–π –¥–∞—Ç—ã –±–ª–æ–∫–∏—Ä–æ–≤–∫–∏ 2025-05-12
01:14:51 | INFO | storage_service | –ü–µ—Ä–µ—Å—á–∏—Ç–∞–Ω—ã –æ—Å—Ç–∞—Ç–∫–∏ –Ω–æ–º–µ–Ω–∫–ª–∞—Ç—É—Ä –¥–ª—è –Ω–æ–≤–æ–π –¥–∞—Ç—ã –±–ª–æ–∫–∏—Ä–æ–≤–∫–∏ 2025-05-12
01:14:51 | INFO | settings_manager | –ò–∑–º–µ–Ω–µ–Ω–∞ –¥–∞—Ç–∞ –±–ª–æ–∫–∏—Ä–æ–≤–∫–∏ c 1900-01-01 –Ω–∞ 2025-05-12
01:14:51 | INFO | storage_service | –°–æ—Ö—Ä–∞–Ω–µ–Ω–∏–µ —Ä–µ–ø–æ–∑–∏—Ç–æ—Ä–∏—è –≤ —Ñ–∞–π–ª appsettings.json.
01:14:51 | INFO | storage_service | –ü–µ—Ä–µ—Å—á–∏—Ç–∞–Ω—ã –æ—Å—Ç–∞—Ç–∫–∏ –Ω–æ–º–µ–Ω–∫–ª–∞—Ç—É—Ä –¥–ª—è –Ω–æ–≤–æ–π –¥–∞—Ç—ã –±–ª–æ–∫–∏—Ä–æ–≤–∫–∏ 2025-05-12
01:14:51 | INFO | storage_service | –°–æ—Ö—Ä–∞–Ω–µ–Ω–∏–µ —Ä–µ–ø–æ–∑–∏—Ç–æ—Ä–∏—è –≤ —Ñ–∞–π–ª appsettings.json.
01:14:51 | INFO | settings_manager | –ò–∑–º–µ–Ω–µ–Ω–∞ –¥–∞—Ç–∞ –±–ª–æ–∫–∏—Ä–æ–≤–∫–∏ c 1900-01-01 –Ω–∞ 2025-05-12
01:14:51 | INFO | storage_service | –°–æ—Ö—Ä–∞–Ω–µ–Ω–∏–µ —Ä–µ–ø–æ–∑–∏—Ç–æ—Ä–∏—è –≤ —Ñ–∞–π–ª appsettings.json.
01:14:51 | INFO | storage_service | –ü–µ—Ä–µ—Å—á–∏—Ç–∞–Ω—ã –æ—Å—Ç–∞—Ç–∫–∏ –Ω–æ–º–µ–Ω–∫–ª–∞—Ç—É—Ä –¥–ª—è –Ω–æ–≤–æ–π –¥–∞—Ç—ã –±–ª–æ–∫–∏—Ä–æ–≤–∫–∏ 2025-05-12
01:14:51 | INFO | storage_service | –°–æ—Ö—Ä–∞–Ω–µ–Ω–∏–µ —Ä–µ–ø–æ–∑–∏—Ç–æ—Ä–∏—è –≤ —Ñ–∞–π–ª appsettings.json.
01:14:51 | INFO | storage_service | –°–æ—Ö—Ä–∞–Ω–µ–Ω–∏–µ —Ä–µ–ø–æ–∑–∏—Ç–æ—Ä–∏—è –≤ —Ñ–∞–π–ª appsettings.json.
01:14:51 | INFO | settings_manager | –ò–∑–º–µ–Ω–µ–Ω–∞ –¥–∞—Ç–∞ –±–ª–æ–∫–∏—Ä–æ–≤–∫–∏ c 1900-01-01 –Ω–∞ 2025-05-12
01:14:51 | INFO | settings_manager | –ò–∑–º–µ–Ω–µ–Ω–∞ –¥–∞—Ç–∞ –±–ª–æ–∫–∏—Ä–æ–≤–∫–∏ c 1900-01-01 –Ω–∞ 2025-05-12
01:14:51 | INFO | storage_service | –ü–µ—Ä–µ—Å—á–∏—Ç–∞–Ω—ã –æ—Å—Ç–∞—Ç–∫–∏ –Ω–æ–º–µ–Ω–∫–ª–∞—Ç—É—Ä –¥–ª—è –Ω–æ–≤–æ–π –¥–∞—Ç—ã –±–ª–æ–∫–∏—Ä–æ–≤–∫–∏ 2025-05-12
01:14:51 | INFO | storage_service | –ü–µ—Ä–µ—Å—á–∏—Ç–∞–Ω—ã –æ—Å—Ç–∞—Ç–∫–∏ –Ω–æ–º–µ–Ω–∫–ª–∞—Ç—É—Ä –¥–ª—è –Ω–æ–≤–æ–π –¥–∞—Ç—ã –±–ª–æ–∫–∏—Ä–æ–≤–∫–∏ 2025-05-12
01:14:51 | INFO | settings_manager | –ò–∑–º–µ–Ω–µ–Ω–∞ –¥–∞—Ç–∞ –±–ª–æ–∫–∏—Ä–æ–≤–∫–∏ c 1900-01-01 –Ω–∞ 2025-05-12
01:14:51 | INFO | settings_manager | –ò–∑–º–µ–Ω–µ–Ω–∞ –¥–∞—Ç–∞ –±–ª–æ–∫–∏—Ä–æ–≤–∫–∏ c 1900-01-01 –Ω–∞ 2025-05-12
01:14:51 | INFO | storage_service | –ü–µ—Ä–µ—Å—á–∏—Ç–∞–Ω—ã –æ—Å—Ç–∞—Ç–∫–∏ –Ω–æ–º–µ–Ω–∫–ª–∞—Ç—É—Ä –¥–ª—è –Ω–æ–≤–æ–π –¥–∞—Ç—ã –±–ª–æ–∫–∏—Ä–æ–≤–∫–∏ 2025-05-12
01:14:52 | INFO | storage_service | –°–æ—Ö—Ä–∞–Ω–µ–Ω–∏–µ —Ä–µ–ø–æ–∑–∏—Ç–æ—Ä–∏—è –≤ —Ñ–∞–π–ª appsettings.json.
01:14:52 | INFO | storage_service | –°–æ—Ö—Ä–∞–Ω–µ–Ω–∏–µ —Ä–µ–ø–æ–∑–∏—Ç–æ—Ä–∏—è –≤ —Ñ–∞–π–ª appsettings.json.
01:14:51 | INFO | storage_service | –°–æ—Ö—Ä–∞–Ω–µ–Ω–∏–µ —Ä–µ–ø–æ–∑–∏—Ç–æ—Ä–∏—è –≤ —Ñ–∞–π–ª appsettings.json.
01:14:52 | INFO | settings_manager | –ò–∑–º–µ–Ω–µ–Ω–∞ –¥–∞—Ç–∞ –±–ª–æ–∫–∏—Ä–æ–≤–∫–∏ c 1900-01-01 –Ω–∞ 2025-05-12
01:14:52 | INFO | storage_service | –°–æ—Ö—Ä–∞–Ω–µ–Ω–∏–µ —Ä–µ–ø–æ–∑–∏—Ç–æ—Ä–∏—è –≤ —Ñ–∞–π–ª appsettings.json.
01:14:52 | INFO | settings_manager | –ò–∑–º–µ–Ω–µ–Ω–∞ –¥–∞—Ç–∞ –±–ª–æ–∫–∏—Ä–æ–≤–∫–∏ c 1900-01-01 –Ω–∞ 2025-05-12
01:14:52 | INFO | storage_service | –ü–µ—Ä–µ—Å—á–∏—Ç–∞–Ω—ã –æ—Å—Ç–∞—Ç–∫–∏ –Ω–æ–º–µ–Ω–∫–ª–∞—Ç—É—Ä –¥–ª—è –Ω–æ–≤–æ–π –¥–∞—Ç—ã –±–ª–æ–∫–∏—Ä–æ–≤–∫–∏ 2025-05-12
01:14:51 | INFO | settings_manager | –ò–∑–º–µ–Ω–µ–Ω–∞ –¥–∞—Ç–∞ –±–ª–æ–∫–∏—Ä–æ–≤–∫–∏ c 1900-01-01 –Ω–∞ 2025-05-12
01:14:52 | INFO | storage_service | –°–æ—Ö—Ä–∞–Ω–µ–Ω–∏–µ —Ä–µ–ø–æ–∑–∏—Ç–æ—Ä–∏—è –≤ —Ñ–∞–π–ª appsettings.json.
01:14:52 | INFO | storage_service | –ü–µ—Ä–µ—Å—á–∏—Ç–∞–Ω—ã –æ—Å—Ç–∞—Ç–∫–∏ –Ω–æ–º–µ–Ω–∫–ª–∞—Ç—É—Ä –¥–ª—è –Ω–æ–≤–æ–π –¥–∞—Ç—ã –±–ª–æ–∫–∏—Ä–æ–≤–∫–∏ 2025-05-12
01:14:52 | INFO | storage_service | –ü–µ—Ä–µ—Å—á–∏—Ç–∞–Ω—ã –æ—Å—Ç–∞—Ç–∫–∏ –Ω–æ–º–µ–Ω–∫–ª–∞—Ç—É—Ä –¥–ª—è –Ω–æ–≤–æ–π –¥–∞—Ç—ã –±–ª–æ–∫–∏—Ä–æ–≤–∫–∏ 2025-05-12
01:14:52 | INFO | settings_manager | –ò–∑–º–µ–Ω–µ–Ω–∞ –¥–∞—Ç–∞ –±–ª–æ–∫–∏—Ä–æ–≤–∫–∏ c 1900-01-01 –Ω–∞ 2025-05-12
01:14:52 | INFO | storage_service | –°–æ—Ö—Ä–∞–Ω–µ–Ω–∏–µ —Ä–µ–ø–æ–∑–∏—Ç–æ—Ä–∏—è –≤ —Ñ–∞–π–ª appsettings.json.
01:14:52 | INFO | storage_service | –ü–µ—Ä–µ—Å—á–∏—Ç–∞–Ω—ã –æ—Å—Ç–∞—Ç–∫–∏ –Ω–æ–º–µ–Ω–∫–ª–∞—Ç—É—Ä –¥–ª—è –Ω–æ–≤–æ–π –¥–∞—Ç—ã –±–ª–æ–∫–∏—Ä–æ–≤–∫–∏ 2025-05-12
01:14:52 | INFO | storage_service | –°–æ—Ö—Ä–∞–Ω–µ–Ω–∏–µ —Ä–µ–ø–æ–∑–∏—Ç–æ—Ä–∏—è –≤ —Ñ–∞–π–ª appsettings.json.
01:14:52 | INFO | storage_service | –°–æ—Ö—Ä–∞–Ω–µ–Ω–∏–µ —Ä–µ–ø–æ–∑–∏—Ç–æ—Ä–∏—è –≤ —Ñ–∞–π–ª appsettings.json.
01:14:52 | INFO | settings_manager | –ò–∑–º–µ–Ω–µ–Ω–∞ –¥–∞—Ç–∞ –±–ª–æ–∫–∏—Ä–æ–≤–∫–∏ c 1900-01-01 –Ω–∞ 2025-05-12
01:14:52 | INFO | settings_manager | –ò–∑–º–µ–Ω–µ–Ω–∞ –¥–∞—Ç–∞ –±–ª–æ–∫–∏—Ä–æ–≤–∫–∏ c 1900-01-01 –Ω–∞ 2025-05-12
01:14:52 | INFO | storage_service | –ü–µ—Ä–µ—Å—á–∏—Ç–∞–Ω—ã –æ—Å—Ç–∞—Ç–∫–∏ –Ω–æ–º–µ–Ω–∫–ª–∞—Ç—É—Ä –¥–ª—è –Ω–æ–≤–æ–π –¥–∞—Ç—ã –±–ª–æ–∫–∏—Ä–æ–≤–∫–∏ 2025-05-12
01:14:52 | INFO | storage_service | –ü–µ—Ä–µ—Å—á–∏—Ç–∞–Ω—ã –æ—Å—Ç–∞—Ç–∫–∏ –Ω–æ–º–µ–Ω–∫–ª–∞—Ç—É—Ä –¥–ª—è –Ω–æ–≤–æ–π –¥–∞—Ç—ã –±–ª–æ–∫–∏—Ä–æ–≤–∫–∏ 2025-05-12
01:14:52 | INFO | storage_service | –°–æ—Ö—Ä–∞–Ω–µ–Ω–∏–µ —Ä–µ–ø–æ–∑–∏—Ç–æ—Ä–∏—è –≤ —Ñ–∞–π–ª appsettings.json.
01:14:52 | INFO | storage_service | –°–æ—Ö—Ä–∞–Ω–µ–Ω–∏–µ —Ä–µ–ø–æ–∑–∏—Ç–æ—Ä–∏—è –≤ —Ñ–∞–π–ª appsettings.json.
01:14:52 | INFO | settings_manager | –ò–∑–º–µ–Ω–µ–Ω–∞ –¥–∞—Ç–∞ –±–ª–æ–∫–∏—Ä–æ–≤–∫–∏ c 1900-01-01 –Ω–∞ 2025-05-12
01:14:52 | INFO | storage_service | –°–æ—Ö—Ä–∞–Ω–µ–Ω–∏–µ —Ä–µ–ø–æ–∑–∏—Ç–æ—Ä–∏—è –≤ —Ñ–∞–π–ª appsettings.json.
01:14:52 | INFO | storage_service | –ü–µ—Ä–µ—Å—á–∏—Ç–∞–Ω—ã –æ—Å—Ç–∞—Ç–∫–∏ –Ω–æ–º–µ–Ω–∫–ª–∞—Ç—É—Ä –¥–ª—è –Ω–æ–≤–æ–π –¥–∞—Ç—ã –±–ª–æ–∫–∏—Ä–æ–≤–∫–∏ 2025-05-12
01:14:52 | INFO | settings_manager | –ò–∑–º–µ–Ω–µ–Ω–∞ –¥–∞—Ç–∞ –±–ª–æ–∫–∏—Ä–æ–≤–∫–∏ c 1900-01-01 –Ω–∞ 2025-05-12
01:14:52 | INFO | storage_service | –ü–µ—Ä–µ—Å—á–∏—Ç–∞–Ω—ã –æ—Å—Ç–∞—Ç–∫–∏ –Ω–æ–º–µ–Ω–∫–ª–∞—Ç—É—Ä –¥–ª—è –Ω–æ–≤–æ–π –¥–∞—Ç—ã –±–ª–æ–∫–∏—Ä–æ–≤–∫–∏ 2025-05-12
01:14:52 | INFO | storage_service | –ü–µ—Ä–µ—Å—á–∏—Ç–∞–Ω—ã –æ—Å—Ç–∞—Ç–∫–∏ –Ω–æ–º–µ–Ω–∫–ª–∞—Ç—É—Ä –¥–ª—è –Ω–æ–≤–æ–π –¥–∞—Ç—ã –±–ª–æ–∫–∏—Ä–æ–≤–∫–∏ 2025-05-12
01:14:52 | INFO | settings_manager | –ò–∑–º–µ–Ω–µ–Ω–∞ –¥–∞—Ç–∞ –±–ª–æ–∫–∏—Ä–æ–≤–∫–∏ c 1900-01-01 –Ω–∞ 2025-05-12
01:14:52 | INFO | settings_manager | –ò–∑–º–µ–Ω–µ–Ω–∞ –¥–∞—Ç–∞ –±–ª–æ–∫–∏—Ä–æ–≤–∫–∏ c 1900-01-01 –Ω–∞ 2025-05-12
01:14:52 | INFO | storage_service | –ü–µ—Ä–µ—Å—á–∏—Ç–∞–Ω—ã –æ—Å—Ç–∞—Ç–∫–∏ –Ω–æ–º–µ–Ω–∫–ª–∞—Ç—É—Ä –¥–ª—è –Ω–æ–≤–æ–π –¥–∞—Ç—ã –±–ª–æ–∫–∏—Ä–æ–≤–∫–∏ 2025-05-12
01:14:52 | INFO | storage_service | –ü–µ—Ä–µ—Å—á–∏—Ç–∞–Ω—ã –æ—Å—Ç–∞—Ç–∫–∏ –Ω–æ–º–µ–Ω–∫–ª–∞—Ç—É—Ä –¥–ª—è –Ω–æ–≤–æ–π –¥–∞—Ç—ã –±–ª–æ–∫–∏—Ä–æ–≤–∫–∏ 2025-05-12
01:14:52 | INFO | storage_service | –°–æ—Ö—Ä–∞–Ω–µ–Ω–∏–µ —Ä–µ–ø–æ–∑–∏—Ç–æ—Ä–∏—è –≤ —Ñ–∞–π–ª appsettings.json.
01:14:52 | INFO | storage_service | –°–æ—Ö—Ä–∞–Ω–µ–Ω–∏–µ —Ä–µ–ø–æ–∑–∏—Ç–æ—Ä–∏—è –≤ —Ñ–∞–π–ª appsettings.json.
01:14:52 | INFO | settings_manager | –ò–∑–º–µ–Ω–µ–Ω–∞ –¥–∞—Ç–∞ –±–ª–æ–∫–∏—Ä–æ–≤–∫–∏ c 1900-01-01 –Ω–∞ 2025-05-12
01:14:52 | INFO | settings_manager | –ò–∑–º–µ–Ω–µ–Ω–∞ –¥–∞—Ç–∞ –±–ª–æ–∫–∏—Ä–æ–≤–∫–∏ c 1900-01-01 –Ω–∞ 2025-05-12
01:14:52 | INFO | storage_service | –ü–µ—Ä–µ—Å—á–∏—Ç–∞–Ω—ã –æ—Å—Ç–∞—Ç–∫–∏ –Ω–æ–º–µ–Ω–∫–ª–∞—Ç—É—Ä –¥–ª—è –Ω–æ–≤–æ–π –¥–∞—Ç—ã –±–ª–æ–∫–∏—Ä–æ–≤–∫–∏ 2025-05-12
01:14:52 | INFO | storage_service | –ü–µ—Ä–µ—Å—á–∏—Ç–∞–Ω—ã –æ—Å—Ç–∞—Ç–∫–∏ –Ω–æ–º–µ–Ω–∫–ª–∞—Ç—É—Ä –¥–ª—è –Ω–æ–≤–æ–π –¥–∞—Ç—ã –±–ª–æ–∫–∏—Ä–æ–≤–∫–∏ 2025-05-12
01:14:52 | INFO | storage_service | –°–æ—Ö—Ä–∞–Ω–µ–Ω–∏–µ —Ä–µ–ø–æ–∑–∏—Ç–æ—Ä–∏—è –≤ —Ñ–∞–π–ª appsettings.json.
01:14:52 | INFO | storage_service | –°–æ—Ö—Ä–∞–Ω–µ–Ω–∏–µ —Ä–µ–ø–æ–∑–∏—Ç–æ—Ä–∏—è –≤ —Ñ–∞–π–ª appsettings.json.
01:14:52 | INFO | settings_manager | –ò–∑–º–µ–Ω–µ–Ω–∞ –¥–∞—Ç–∞ –±–ª–æ–∫–∏—Ä–æ–≤–∫–∏ c 1900-01-01 –Ω–∞ 2025-05-12
01:14:52 | INFO | storage_service | –°–æ—Ö—Ä–∞–Ω–µ–Ω–∏–µ —Ä–µ–ø–æ–∑–∏—Ç–æ—Ä–∏—è –≤ —Ñ–∞–π–ª appsettings.json.
æ–π –¥–∞—Ç—ã –±–ª–æ–∫–∏—Ä–æ–≤–∫–∏ 2025-05-12
01:14:52 | INFO | settings_manager | –ò–∑–º–µ–Ω–µ–Ω–∞ –¥–∞—Ç–∞ –±–ª–æ–∫–∏—Ä–æ–≤–∫–∏ c 1900-01-01 –Ω–∞ 2025-05-12
01:14:52 | INFO | storage_service | –°–æ—Ö—Ä–∞–Ω–µ–Ω–∏–µ —Ä–µ–ø–æ–∑–∏—Ç–æ—Ä–∏—è –≤ —Ñ–∞–π–ª appsettings.json.
01:14:52 | INFO | settings_manager | –ò–∑–º–µ–Ω–µ–Ω–∞ –¥–∞—Ç–∞ –±–ª–æ–∫–∏—Ä–æ–≤–∫–∏ c 1900-01-01 –Ω–∞ 2025-05-12
01:14:52 | INFO | storage_service | –ü–µ—Ä–µ—Å—á–∏—Ç–∞–Ω—ã –æ—Å—Ç–∞—Ç–∫–∏ –Ω–æ–º–µ–Ω–∫–ª–∞—Ç—É—Ä –¥–ª—è –Ω–æ–≤–æ–π –¥–∞—Ç—ã –±–ª–æ–∫–∏—Ä–æ–≤–∫–∏ 2025-05-12
01:14:52 | INFO | storage_service | –ü–µ—Ä–µ—Å—á–∏—Ç–∞–Ω—ã –æ—Å—Ç–∞—Ç–∫–∏ –Ω–æ–º–µ–Ω–∫–ª–∞—Ç—É—Ä –¥–ª—è –Ω–æ–≤–æ–π –¥–∞—Ç—ã –±–ª–æ–∫–∏—Ä–æ–≤–∫–∏ 2025-05-12
01:14:52 | INFO | settings_manager | –ò–∑–º–µ–Ω–µ–Ω–∞ –¥–∞—Ç–∞ –±–ª–æ–∫–∏—Ä–æ–≤–∫–∏ c 1900-01-01 –Ω–∞ 2025-05-12
01:14:52 | INFO | settings_manager | –ò–∑–º–µ–Ω–µ–Ω–∞ –¥–∞—Ç–∞ –±–ª–æ–∫–∏—Ä–æ–≤–∫–∏ c 1900-01-01 –Ω–∞ 2025-05-12
01:14:52 | INFO | storage_service | –ü–µ—Ä–µ—Å—á–∏—Ç–∞–Ω—ã –æ—Å—Ç–∞—Ç–∫–∏ –Ω–æ–º–µ–Ω–∫–ª–∞—Ç—É—Ä –¥–ª—è –Ω–æ–≤–æ–π –¥–∞—Ç—ã –±–ª–æ–∫–∏—Ä–æ–≤–∫–∏ 2025-05-12
01:14:52 | INFO | storage_service | –°–æ—Ö—Ä–∞–Ω–µ–Ω–∏–µ —Ä–µ–ø–æ–∑–∏—Ç–æ—Ä–∏—è –≤ —Ñ–∞–π–ª appsettings.json.
01:14:52 | INFO | storage_service | –°–æ—Ö—Ä–∞–Ω–µ–Ω–∏–µ —Ä–µ–ø–æ–∑–∏—Ç–æ—Ä–∏—è –≤ —Ñ–∞–π–ª appsettings.json.
01:14:52 | INFO | storage_service | –°–æ—Ö—Ä–∞–Ω–µ–Ω–∏–µ —Ä–µ–ø–æ–∑–∏—Ç–æ—Ä–∏—è –≤ —Ñ–∞–π–ª appsettings.json.
01:14:52 | INFO | storage_service | –°–æ—Ö—Ä–∞–Ω–µ–Ω–∏–µ —Ä–µ–ø–æ–∑–∏—Ç–æ—Ä–∏—è –≤ —Ñ–∞–π–ª appsettings.json.
01:14:52 | INFO | settings_manager | –ò–∑–º–µ–Ω–µ–Ω–∞ –¥–∞—Ç–∞ –±–ª–æ–∫–∏—Ä–æ–≤–∫–∏ c 1900-01-01 –Ω–∞ 2025-05-12
01:14:52 | INFO | settings_manager | –ò–∑–º–µ–Ω–µ–Ω–∞ –¥–∞—Ç–∞ –±–ª–æ–∫–∏—Ä–æ–≤–∫–∏ c 1900-01-01 –Ω–∞ 2025-05-12
01:14:52 | INFO | storage_service | –ü–µ—Ä–µ—Å—á–∏—Ç–∞–Ω—ã –æ—Å—Ç–∞—Ç–∫–∏ –Ω–æ–º–µ–Ω–∫–ª–∞—Ç—É—Ä –¥–ª—è –Ω–æ–≤–æ–π –¥–∞—Ç—ã –±–ª–æ–∫–∏—Ä–æ–≤–∫–∏ 2025-05-12
01:14:52 | INFO | settings_manager | –ò–∑–º–µ–Ω–µ–Ω–∞ –¥–∞—Ç–∞ –±–ª–æ–∫–∏—Ä–æ–≤–∫–∏ c 1900-01-01 –Ω–∞ 2025-05-12
01:14:52 | INFO | storage_service | –ü–µ—Ä–µ—Å—á–∏—Ç–∞–Ω—ã –æ—Å—Ç–∞—Ç–∫–∏ –Ω–æ–º–µ–Ω–∫–ª–∞—Ç—É—Ä –¥–ª—è –Ω–æ–≤–æ–π –¥–∞—Ç—ã –±–ª–æ–∫–∏—Ä–æ–≤–∫–∏ 2025-05-12
01:14:52 | INFO | storage_service | –ü–µ—Ä–µ—Å—á–∏—Ç–∞–Ω—ã –æ—Å—Ç–∞—Ç–∫–∏ –Ω–æ–º–µ–Ω–∫–ª–∞—Ç—É—Ä –¥–ª—è –Ω–æ–≤–æ–π –¥–∞—Ç—ã –±–ª–æ–∫–∏—Ä–æ–≤–∫–∏ 2025-05-12
01:14:52 | INFO | settings_manager | –ò–∑–º–µ–Ω–µ–Ω–∞ –¥–∞—Ç–∞ –±–ª–æ–∫–∏—Ä–æ–≤–∫–∏ c 1900-01-01 –Ω–∞ 2025-05-12
01:14:52 | INFO | storage_service | –°–æ—Ö—Ä–∞–Ω–µ–Ω–∏–µ —Ä–µ–ø–æ–∑–∏—Ç–æ—Ä–∏—è –≤ —Ñ–∞–π–ª appsettings.json.
01:14:52 | INFO | storage_service | –ü–µ—Ä–µ—Å—á–∏—Ç–∞–Ω—ã –æ—Å—Ç–∞—Ç–∫–∏ –Ω–æ–º–µ–Ω–∫–ª–∞—Ç—É—Ä –¥–ª—è –Ω–æ–≤–æ–π –¥–∞—Ç—ã –±–ª–æ–∫–∏—Ä–æ–≤–∫–∏ 2025-05-12
01:14:52 | INFO | settings_manager | –ò–∑–º–µ–Ω–µ–Ω–∞ –¥–∞—Ç–∞ –±–ª–æ–∫–∏—Ä–æ–≤–∫–∏ c 1900-01-01 –Ω–∞ 2025-05-12
01:14:52 | INFO | storage_service | –ü–µ—Ä–µ—Å—á–∏—Ç–∞–Ω—ã –æ—Å—Ç–∞—Ç–∫–∏ –Ω–æ–º–µ–Ω–∫–ª–∞—Ç—É—Ä –¥–ª—è –Ω–æ–≤–æ–π –¥–∞—Ç—ã –±–ª–æ–∫–∏—Ä–æ–≤–∫–∏ 2025-05-12
01:14:52 | INFO | settings_manager | –ò–∑–º–µ–Ω–µ–Ω–∞ –¥–∞—Ç–∞ –±–ª–æ–∫–∏—Ä–æ–≤–∫–∏ c 1900-01-01 –Ω–∞ 2025-05-12
01:14:52 | INFO | storage_service | –ü–µ—Ä–µ—Å—á–∏—Ç–∞–Ω—ã –æ—Å—Ç–∞—Ç–∫–∏ –Ω–æ–º–µ–Ω–∫–ª–∞—Ç—É—Ä –¥–ª—è –Ω–æ–≤–æ–π –¥–∞—Ç—ã –±–ª–æ–∫–∏—Ä–æ–≤–∫–∏ 2025-05-12
01:14:52 | INFO | storage_service | –°–æ—Ö—Ä–∞–Ω–µ–Ω–∏–µ —Ä–µ–ø–æ–∑–∏—Ç–æ—Ä–∏—è –≤ —Ñ–∞–π–ª appsettings.json.
01:14:52 | INFO | settings_manager | –ò–∑–º–µ–Ω–µ–Ω–∞ –¥–∞—Ç–∞ –±–ª–æ–∫–∏—Ä–æ–≤–∫–∏ c 1900-01-01 –Ω–∞ 2025-05-12
01:14:52 | INFO | storage_service | –ü–µ—Ä–µ—Å—á–∏—Ç–∞–Ω—ã –æ—Å—Ç–∞—Ç–∫–∏ –Ω–æ–º–µ–Ω–∫–ª–∞—Ç—É—Ä –¥–ª—è –Ω–æ–≤–æ–π –¥–∞—Ç—ã –±–ª–æ–∫–∏—Ä–æ–≤–∫–∏ 2025-05-12
01:14:52 | INFO | storage_service | –°–æ—Ö—Ä–∞–Ω–µ–Ω–∏–µ —Ä–µ–ø–æ–∑–∏—Ç–æ—Ä–∏—è –≤ —Ñ–∞–π–ª appsettings.json.
01:14:52 | INFO | settings_manager | –ò–∑–º–µ–Ω–µ–Ω–∞ –¥–∞—Ç–∞ –±–ª–æ–∫–∏—Ä–æ–≤–∫–∏ c 1900-01-01 –Ω–∞ 2025-05-12
01:14:52 | INFO | storage_service | –°–æ—Ö—Ä–∞–Ω–µ–Ω–∏–µ —Ä–µ–ø–æ–∑–∏—Ç–æ—Ä–∏—è –≤ —Ñ–∞–π–ª appsettings.json.
01:14:52 | INFO | storage_service | –ü–µ—Ä–µ—Å—á–∏—Ç–∞–Ω—ã –æ—Å—Ç–∞—Ç–∫–∏ –Ω–æ–º–µ–Ω–∫–ª–∞—Ç—É—Ä –¥–ª—è –Ω–æ–≤–æ–π –¥–∞—Ç—ã –±–ª–æ–∫–∏—Ä–æ–≤–∫–∏ 2025-05-12
01:14:52 | INFO | settings_manager | –ò–∑–º–µ–Ω–µ–Ω–∞ –¥–∞—Ç–∞ –±–ª–æ–∫–∏—Ä–æ–≤–∫–∏ c 1900-01-01 –Ω–∞ 2025-05-12
01:14:52 | INFO | storage_service | –ü–µ—Ä–µ—Å—á–∏—Ç–∞–Ω—ã –æ—Å—Ç–∞—Ç–∫–∏ –Ω–æ–º–µ–Ω–∫–ª–∞—Ç—É—Ä –¥–ª—è –Ω–æ–≤–æ–π –¥–∞—Ç—ã –±–ª–æ–∫–∏—Ä–æ–≤–∫–∏ 2025-05-12
01:14:52 | INFO | storage_service | –°–æ—Ö—Ä–∞–Ω–µ–Ω–∏–µ —Ä–µ–ø–æ–∑–∏—Ç–æ—Ä–∏—è –≤ —Ñ–∞–π–ª appsettings.json.
01:14:52 | INFO | settings_manager | –ò–∑–º–µ–Ω–µ–Ω–∞ –¥–∞—Ç–∞ –±–ª–æ–∫–∏—Ä–æ–≤–∫–∏ c 1900-01-01 –Ω–∞ 2025-05-12
01:14:52 | INFO | storage_service | –ü–µ—Ä–µ—Å—á–∏—Ç–∞–Ω—ã –æ—Å—Ç–∞—Ç–∫–∏ –Ω–æ–º–µ–Ω–∫–ª–∞—Ç—É—Ä –¥–ª—è –Ω–æ–≤–æ–π –¥–∞—Ç—ã –±–ª–æ–∫–∏—Ä–æ–≤–∫–∏ 2025-05-12
01:14:52 | INFO | storage_service | –°–æ—Ö—Ä–∞–Ω–µ–Ω–∏–µ —Ä–µ–ø–æ–∑–∏—Ç–æ—Ä–∏—è –≤ —Ñ–∞–π–ª appsettings.json.
01:14:52 | INFO | storage_service | –ü–µ—Ä–µ—Å—á–∏—Ç–∞–Ω—ã –æ—Å—Ç–∞—Ç–∫–∏ –Ω–æ–º–µ–Ω–∫–ª–∞—Ç—É—Ä –¥–ª—è –Ω–æ–≤–æ–π –¥–∞—Ç—ã –±–ª–æ–∫–∏—Ä–æ–≤–∫–∏ 2025-05-12
01:14:52 | INFO | storage_service | –°–æ—Ö—Ä–∞–Ω–µ–Ω–∏–µ —Ä–µ–ø–æ–∑–∏—Ç–æ—Ä–∏—è –≤ —Ñ–∞–π–ª appsettings.json.
01:14:52 | INFO | storage_service | –°–æ—Ö—Ä–∞–Ω–µ–Ω–∏–µ —Ä–µ–ø–æ–∑–∏—Ç–æ—Ä–∏—è –≤ —Ñ–∞–π–ª appsettings.json.
01:14:52 | INFO | settings_manager | –ò–∑–º–µ–Ω–µ–Ω–∞ –¥–∞—Ç–∞ –±–ª–æ–∫–∏—Ä–æ–≤–∫–∏ c 1900-01-01 –Ω–∞ 2025-05-12
01:14:52 | INFO | storage_service | –ü–µ—Ä–µ—Å—á–∏—Ç–∞–Ω—ã –æ—Å—Ç–∞—Ç–∫–∏ –Ω–æ–º–µ–Ω–∫–ª–∞—Ç—É—Ä –¥–ª—è –Ω–æ–≤–æ–π –¥–∞—Ç—ã –±–ª–æ–∫–∏—Ä–æ–≤–∫–∏ 2025-05-12
01:14:52 | INFO | settings_manager | –ò–∑–º–µ–Ω–µ–Ω–∞ –¥–∞—Ç–∞ –±–ª–æ–∫–∏—Ä–æ–≤–∫–∏ c 1900-01-01 –Ω–∞ 2025-05-12
01:14:52 | INFO | storage_service | –°–æ—Ö—Ä–∞–Ω–µ–Ω–∏–µ —Ä–µ–ø–æ–∑–∏—Ç–æ—Ä–∏—è –≤ —Ñ–∞–π–ª appsettings.json.
01:14:52 | INFO | storage_service | –ü–µ—Ä–µ—Å—á–∏—Ç–∞–Ω—ã –æ—Å—Ç–∞—Ç–∫–∏ –Ω–æ–º–µ–Ω–∫–ª–∞—Ç—É—Ä –¥–ª—è –Ω–æ–≤–æ–π –¥–∞—Ç—ã –±–ª–æ–∫–∏—Ä–æ–≤–∫–∏ 2025-05-12
01:14:52 | INFO | storage_service | –°–æ—Ö—Ä–∞–Ω–µ–Ω–∏–µ —Ä–µ–ø–æ–∑–∏—Ç–æ—Ä–∏—è –≤ —Ñ–∞–π–ª appsettings.json.
01:14:52 | INFO | settings_manager | –ò–∑–º–µ–Ω–µ–Ω–∞ –¥–∞—Ç–∞ –±–ª–æ–∫–∏—Ä–æ–≤–∫–∏ c 1900-01-01 –Ω–∞ 2025-05-12
01:14:52 | INFO | storage_service | –°–æ—Ö—Ä–∞–Ω–µ–Ω–∏–µ —Ä–µ–ø–æ–∑–∏—Ç–æ—Ä–∏—è –≤ —Ñ–∞–π–ª appsettings.json.
01:14:52 | INFO | settings_manager | –ò–∑–º–µ–Ω–µ–Ω–∞ –¥–∞—Ç–∞ –±–ª–æ–∫–∏—Ä–æ–≤–∫–∏ c 1900-01-01 –Ω–∞ 2025-05-12
01:14:52 | INFO | storage_service | –ü–µ—Ä–µ—Å—á–∏—Ç–∞–Ω—ã –æ—Å—Ç–∞—Ç–∫–∏ –Ω–æ–º–µ–Ω–∫–ª–∞—Ç—É—Ä –¥–ª—è –Ω–æ–≤–æ–π –¥–∞—Ç—ã –±–ª–æ–∫–∏—Ä–æ–≤–∫–∏ 2025-05-12
01:14:52 | INFO | settings_manager | –ò–∑–º–µ–Ω–µ–Ω–∞ –¥–∞—Ç–∞ –±–ª–æ–∫–∏—Ä–æ–≤–∫–∏ c 1900-01-01 –Ω–∞ 2025-05-12
01:14:52 | INFO | storage_service | –ü–µ—Ä–µ—Å—á–∏—Ç–∞–Ω—ã –æ—Å—Ç–∞—Ç–∫–∏ –Ω–æ–º–µ–Ω–∫–ª–∞—Ç—É—Ä –¥–ª—è –Ω–æ–≤–æ–π –¥–∞—Ç—ã –±–ª–æ–∫–∏—Ä–æ–≤–∫–∏ 2025-05-12
01:14:52 | INFO | storage_service | –°–æ—Ö—Ä–∞–Ω–µ–Ω–∏–µ —Ä–µ–ø–æ–∑–∏—Ç–æ—Ä–∏—è –≤ —Ñ–∞–π–ª appsettings.json.
01:14:52 | INFO | settings_manager | –ò–∑–º–µ–Ω–µ–Ω–∞ –¥–∞—Ç–∞ –±–ª–æ–∫–∏—Ä–æ–≤–∫–∏ c 1900-01-01 –Ω–∞ 2025-05-12
01:14:52 | INFO | storage_service | –ü–µ—Ä–µ—Å—á–∏—Ç–∞–Ω—ã –æ—Å—Ç–∞—Ç–∫–∏ –Ω–æ–º–µ–Ω–∫–ª–∞—Ç—É—Ä –¥–ª—è –Ω–æ–≤–æ–π –¥–∞—Ç—ã –±–ª–æ–∫–∏—Ä–æ–≤–∫–∏ 2025-05-12
01:14:52 | INFO | storage_service | –°–æ—Ö—Ä–∞–Ω–µ–Ω–∏–µ —Ä–µ–ø–æ–∑–∏—Ç–æ—Ä–∏—è –≤ —Ñ–∞–π–ª appsettings.json.
01:14:52 | INFO | storage_service | –°–æ—Ö—Ä–∞–Ω–µ–Ω–∏–µ —Ä–µ–ø–æ–∑–∏—Ç–æ—Ä–∏—è –≤ —Ñ–∞–π–ª appsettings.json.
01:14:52 | INFO | storage_service | –°–æ—Ö—Ä–∞–Ω–µ–Ω–∏–µ —Ä–µ–ø–æ–∑–∏—Ç–æ—Ä–∏—è –≤ —Ñ–∞–π–ª appsettings.json.
01:14:52 | INFO | storage_service | –°–æ—Ö—Ä–∞–Ω–µ–Ω–∏–µ —Ä–µ–ø–æ–∑–∏—Ç–æ—Ä–∏—è –≤ —Ñ–∞–π–ª appsettings.json.
01:14:52 | INFO | settings_manager | –ò–∑–º–µ–Ω–µ–Ω–∞ –¥–∞—Ç–∞ –±–ª–æ–∫–∏—Ä–æ–≤–∫–∏ c 1900-01-01 –Ω–∞ 2025-05-12
01:14:52 | INFO | storage_service | –ü–µ—Ä–µ—Å—á–∏—Ç–∞–Ω—ã –æ—Å—Ç–∞—Ç–∫–∏ –Ω–æ–º–µ–Ω–∫–ª–∞—Ç—É—Ä –¥–ª—è –Ω–æ–≤–æ–π –¥–∞—Ç—ã –±–ª–æ–∫–∏—Ä–æ–≤–∫–∏ 2025-05-12
01:14:52 | INFO | settings_manager | –ò–∑–º–µ–Ω–µ–Ω–∞ –¥–∞—Ç–∞ –±–ª–æ–∫–∏—Ä–æ–≤–∫–∏ c 1900-01-01 –Ω–∞ 2025-05-12
01:14:52 | INFO | settings_manager | –ò–∑–º–µ–Ω–µ–Ω–∞ –¥–∞—Ç–∞ –±–ª–æ–∫–∏—Ä–æ–≤–∫–∏ c 1900-01-01 –Ω–∞ 2025-05-12
01:14:52 | INFO | storage_service | –ü–µ—Ä–µ—Å—á–∏—Ç–∞–Ω—ã –æ—Å—Ç–∞—Ç–∫–∏ –Ω–æ–º–µ–Ω–∫–ª–∞—Ç—É—Ä –¥–ª—è –Ω–æ–≤–æ–π –¥–∞—Ç—ã –±–ª–æ–∫–∏—Ä–æ–≤–∫–∏ 2025-05-12
01:14:52 | INFO | storage_service | –°–æ—Ö—Ä–∞–Ω–µ–Ω–∏–µ —Ä–µ–ø–æ–∑–∏—Ç–æ—Ä–∏—è –≤ —Ñ–∞–π–ª appsettings.json.
01:14:52 | INFO | storage_service | –°–æ—Ö—Ä–∞–Ω–µ–Ω–∏–µ —Ä–µ–ø–æ–∑–∏—Ç–æ—Ä–∏—è –≤ —Ñ–∞–π–ª appsettings.json.
01:14:52 | INFO | storage_service | –ü–µ—Ä–µ—Å—á–∏—Ç–∞–Ω—ã –æ—Å—Ç–∞—Ç–∫–∏ –Ω–æ–º–µ–Ω–∫–ª–∞—Ç—É—Ä –¥–ª—è –Ω–æ–≤–æ–π –¥–∞—Ç—ã –±–ª–æ–∫–∏—Ä–æ–≤–∫–∏ 2025-05-12
01:14:52 | INFO | storage_service | –ü–µ—Ä–µ—Å—á–∏—Ç–∞–Ω—ã –æ—Å—Ç–∞—Ç–∫–∏ –Ω–æ–º–µ–Ω–∫–ª–∞—Ç—É—Ä –¥–ª—è –Ω–æ–≤–æ–π –¥–∞—Ç—ã –±–ª–æ–∫–∏—Ä–æ–≤–∫–∏ 2025-05-12
01:14:52 | INFO | storage_service | –°–æ—Ö—Ä–∞–Ω–µ–Ω–∏–µ —Ä–µ–ø–æ–∑–∏—Ç–æ—Ä–∏—è –≤ —Ñ–∞–π–ª appsettings.json.
2
01:14:52 | INFO | settings_manager | –ò–∑–º–µ–Ω–µ–Ω–∞ –¥–∞—Ç–∞ –±–ª–æ–∫–∏—Ä–æ–≤–∫–∏ c 1900-01-01 –Ω–∞ 2025-05-12
 –¥–∞—Ç—ã –±–ª–æ–∫–∏—Ä–æ–≤–∫–∏ 2025-05-12
01:14:52 | INFO | settings_manager | –ò–∑–º–µ–Ω–µ–Ω–∞ –¥–∞—Ç–∞ –±–ª–æ–∫–∏—Ä–æ–≤–∫–∏ c 1900-01-01 –Ω–∞ 2025-05-12
01:14:52 | INFO | settings_manager | –ò–∑–º–µ–Ω–µ–Ω–∞ –¥–∞—Ç–∞ –±–ª–æ–∫–∏—Ä–æ–≤–∫–∏ c 1900-01-01 –Ω–∞ 2025-05-12
01:14:52 | INFO | storage_service | –ü–µ—Ä–µ—Å—á–∏—Ç–∞–Ω—ã –æ—Å—Ç–∞—Ç–∫–∏ –Ω–æ–º–µ–Ω–∫–ª–∞—Ç—É—Ä –¥–ª—è –Ω–æ–≤–æ–π –¥–∞—Ç—ã –±–ª–æ–∫–∏—Ä–æ–≤–∫–∏ 2025-05-12
01:14:52 | INFO | storage_service | –ü–µ—Ä–µ—Å—á–∏—Ç–∞–Ω—ã –æ—Å—Ç–∞—Ç–∫–∏ –Ω–æ–º–µ–Ω–∫–ª–∞—Ç—É—Ä –¥–ª—è –Ω–æ–≤–æ–π –¥–∞—Ç—ã –±–ª–æ–∫–∏—Ä–æ–≤–∫–∏ 2025-05-12
01:14:52 | INFO | storage_service | –°–æ—Ö—Ä–∞–Ω–µ–Ω–∏–µ —Ä–µ–ø–æ–∑–∏—Ç–æ—Ä–∏—è –≤ —Ñ–∞–π–ª appsettings.json.
01:14:52 | INFO | settings_manager | –ò–∑–º–µ–Ω–µ–Ω–∞ –¥–∞—Ç–∞ –±–ª–æ–∫–∏—Ä–æ–≤–∫–∏ c 1900-01-01 –Ω–∞ 2025-05-12
01:14:52 | INFO | storage_service | –ü–µ—Ä–µ—Å—á–∏—Ç–∞–Ω—ã –æ—Å—Ç–∞—Ç–∫–∏ –Ω–æ–º–µ–Ω–∫–ª–∞—Ç—É—Ä –¥–ª—è –Ω–æ–≤–æ–π –¥–∞—Ç—ã –±–ª–æ–∫–∏—Ä–æ–≤–∫–∏ 2025-05-12
01:14:52 | INFO | settings_manager | –ò–∑–º–µ–Ω–µ–Ω–∞ –¥–∞—Ç–∞ –±–ª–æ–∫–∏—Ä–æ–≤–∫–∏ c 1900-01-01 –Ω–∞ 2025-05-12
01:14:52 | INFO | storage_service | –ü–µ—Ä–µ—Å—á–∏—Ç–∞–Ω—ã –æ—Å—Ç–∞—Ç–∫–∏ –Ω–æ–º–µ–Ω–∫–ª–∞—Ç—É—Ä –¥–ª—è –Ω–æ–≤–æ–π –¥–∞—Ç—ã –±–ª–æ–∫–∏—Ä–æ–≤–∫–∏ 2025-05-12
01:14:52 | INFO | storage_service | –°–æ—Ö—Ä–∞–Ω–µ–Ω–∏–µ —Ä–µ–ø–æ–∑–∏—Ç–æ—Ä–∏—è –≤ —Ñ–∞–π–ª appsettings.json.
01:14:52 | INFO | settings_manager | –ò–∑–º–µ–Ω–µ–Ω–∞ –¥–∞—Ç–∞ –±–ª–æ–∫–∏—Ä–æ–≤–∫–∏ c 1900-01-01 –Ω–∞ 2025-05-12
01:14:52 | INFO | storage_service | –°–æ—Ö—Ä–∞–Ω–µ–Ω–∏–µ —Ä–µ–ø–æ–∑–∏—Ç–æ—Ä–∏—è –≤ —Ñ–∞–π–ª appsettings.json.
01:14:52 | INFO | settings_manager | –ò–∑–º–µ–Ω–µ–Ω–∞ –¥–∞—Ç–∞ –±–ª–æ–∫–∏—Ä–æ–≤–∫–∏ c 1900-01-01 –Ω–∞ 2025-05-12
01:14:52 | INFO | storage_service | –ü–µ—Ä–µ—Å—á–∏—Ç–∞–Ω—ã –æ—Å—Ç–∞—Ç–∫–∏ –Ω–æ–º–µ–Ω–∫–ª–∞—Ç—É—Ä –¥–ª—è –Ω–æ–≤–æ–π –¥–∞—Ç—ã –±–ª–æ–∫–∏—Ä–æ–≤–∫–∏ 2025-05-12
01:14:52 | INFO | settings_manager | –ò–∑–º–µ–Ω–µ–Ω–∞ –¥–∞—Ç–∞ –±–ª–æ–∫–∏—Ä–æ–≤–∫–∏ c 1900-01-01 –Ω–∞ 2025-05-12
01:14:52 | INFO | storage_service | –ü–µ—Ä–µ—Å—á–∏—Ç–∞–Ω—ã –æ—Å—Ç–∞—Ç–∫–∏ –Ω–æ–º–µ–Ω–∫–ª–∞—Ç—É—Ä –¥–ª—è –Ω–æ–≤–æ–π –¥–∞—Ç—ã –±–ª–æ–∫–∏—Ä–æ–≤–∫–∏ 2025-05-12
01:14:52 | INFO | storage_service | –ü–µ—Ä–µ—Å—á–∏—Ç–∞–Ω—ã –æ—Å—Ç–∞—Ç–∫–∏ –Ω–æ–º–µ–Ω–∫–ª–∞—Ç—É—Ä –¥–ª—è –Ω–æ–≤–æ–π –¥–∞—Ç—ã –±–ª–æ–∫–∏—Ä–æ–≤–∫–∏ 2025-05-12
01:14:52 | INFO | storage_service | –°–æ—Ö—Ä–∞–Ω–µ–Ω–∏–µ —Ä–µ–ø–æ–∑–∏—Ç–æ—Ä–∏—è –≤ —Ñ–∞–π–ª appsettings.json.
01:14:52 | INFO | storage_service | –°–æ—Ö—Ä–∞–Ω–µ–Ω–∏–µ —Ä–µ–ø–æ–∑–∏—Ç–æ—Ä–∏—è –≤ —Ñ–∞–π–ª appsettings.json.
01:14:52 | INFO | settings_manager | –ò–∑–º–µ–Ω–µ–Ω–∞ –¥–∞—Ç–∞ –±–ª–æ–∫–∏—Ä–æ–≤–∫–∏ c 1900-01-01 –Ω–∞ 2025-05-12
01:14:52 | INFO | storage_service | –°–æ—Ö—Ä–∞–Ω–µ–Ω–∏–µ —Ä–µ–ø–æ–∑–∏—Ç–æ—Ä–∏—è –≤ —Ñ–∞–π–ª appsettings.json.
01:14:52 | INFO | settings_manager | –ò–∑–º–µ–Ω–µ–Ω–∞ –¥–∞—Ç–∞ –±–ª–æ–∫–∏—Ä–æ–≤–∫–∏ c 1900-01-01 –Ω–∞ 2025-05-12
01:14:52 | INFO | storage_service | –°–æ—Ö—Ä–∞–Ω–µ–Ω–∏–µ —Ä–µ–ø–æ–∑–∏—Ç–æ—Ä–∏—è –≤ —Ñ–∞–π–ª appsettings.json.
01:14:52 | INFO | settings_manager | –ò–∑–º–µ–Ω–µ–Ω–∞ –¥–∞—Ç–∞ –±–ª–æ–∫–∏—Ä–æ–≤–∫–∏ c 1900-01-01 –Ω–∞ 2025-05-12
01:14:52 | INFO | storage_service | –ü–µ—Ä–µ—Å—á–∏—Ç–∞–Ω—ã –æ—Å—Ç–∞—Ç–∫–∏ –Ω–æ–º–µ–Ω–∫–ª–∞—Ç—É—Ä –¥–ª—è –Ω–æ–≤–æ–π –¥–∞—Ç—ã –±–ª–æ–∫–∏—Ä–æ–≤–∫–∏ 2025-05-12
01:14:52 | INFO | storage_service | –ü–µ—Ä–µ—Å—á–∏—Ç–∞–Ω—ã –æ—Å—Ç–∞—Ç–∫–∏ –Ω–æ–º–µ–Ω–∫–ª–∞—Ç—É—Ä –¥–ª—è –Ω–æ–≤–æ–π –¥–∞—Ç—ã –±–ª–æ–∫–∏—Ä–æ–≤–∫–∏ 2025-05-12
01:14:52 | INFO | storage_service | –ü–µ—Ä–µ—Å—á–∏—Ç–∞–Ω—ã –æ—Å—Ç–∞—Ç–∫–∏ –Ω–æ–º–µ–Ω–∫–ª–∞—Ç—É—Ä –¥–ª—è –Ω–æ–≤–æ–π –¥–∞—Ç—ã –±–ª–æ–∫–∏—Ä–æ–≤–∫–∏ 2025-05-12
01:14:52 | INFO | storage_service | –ü–µ—Ä–µ—Å—á–∏—Ç–∞–Ω—ã –æ—Å—Ç–∞—Ç–∫–∏ –Ω–æ–º–µ–Ω–∫–ª–∞—Ç—É—Ä –¥–ª—è –Ω–æ–≤–æ–π –¥–∞—Ç—ã –±–ª–æ–∫–∏—Ä–æ–≤–∫–∏ 2025-05-12
01:14:52 | INFO | storage_service | –°–æ—Ö—Ä–∞–Ω–µ–Ω–∏–µ —Ä–µ–ø–æ–∑–∏—Ç–æ—Ä–∏—è –≤ —Ñ–∞–π–ª appsettings.json.
01:14:52 | INFO | settings_manager | –ò–∑–º–µ–Ω–µ–Ω–∞ –¥–∞—Ç–∞ –±–ª–æ–∫–∏—Ä–æ–≤–∫–∏ c 1900-01-01 –Ω–∞ 2025-05-12
01:14:52 | INFO | settings_manager | –ò–∑–º–µ–Ω–µ–Ω–∞ –¥–∞—Ç–∞ –±–ª–æ–∫–∏—Ä–æ–≤–∫–∏ c 1900-01-01 –Ω–∞ 2025-05-12
01:14:52 | INFO | storage_service | –ü–µ—Ä–µ—Å—á–∏—Ç–∞–Ω—ã –æ—Å—Ç–∞—Ç–∫–∏ –Ω–æ–º–µ–Ω–∫–ª–∞—Ç—É—Ä –¥–ª—è –Ω–æ–≤–æ–π –¥–∞—Ç—ã –±–ª–æ–∫–∏—Ä–æ–≤–∫–∏ 2025-05-12
01:14:52 | INFO | storage_service | –°–æ—Ö—Ä–∞–Ω–µ–Ω–∏–µ —Ä–µ–ø–æ–∑–∏—Ç–æ—Ä–∏—è –≤ —Ñ–∞–π–ª appsettings.json.
01:14:52 | INFO | settings_manager | –ò–∑–º–µ–Ω–µ–Ω–∞ –¥–∞—Ç–∞ –±–ª–æ–∫–∏—Ä–æ–≤–∫–∏ c 1900-01-01 –Ω–∞ 2025-05-12
01:14:52 | INFO | storage_service | –ü–µ—Ä–µ—Å—á–∏—Ç–∞–Ω—ã –æ—Å—Ç–∞—Ç–∫–∏ –Ω–æ–º–µ–Ω–∫–ª–∞—Ç—É—Ä –¥–ª—è –Ω–æ–≤–æ–π –¥–∞—Ç—ã –±–ª–æ–∫–∏—Ä–æ–≤–∫–∏ 2025-05-12
01:14:52 | INFO | storage_service | –°–æ—Ö—Ä–∞–Ω–µ–Ω–∏–µ —Ä–µ–ø–æ–∑–∏—Ç–æ—Ä–∏—è –≤ —Ñ–∞–π–ª appsettings.json.
01:14:52 | INFO | storage_service | –°–æ—Ö—Ä–∞–Ω–µ–Ω–∏–µ —Ä–µ–ø–æ–∑–∏—Ç–æ—Ä–∏—è –≤ —Ñ–∞–π–ª appsettings.json.
01:14:52 | INFO | storage_service | –°–æ—Ö—Ä–∞–Ω–µ–Ω–∏–µ —Ä–µ–ø–æ–∑–∏—Ç–æ—Ä–∏—è –≤ —Ñ–∞–π–ª appsettings.json.
01:14:52 | INFO | settings_manager | –ò–∑–º–µ–Ω–µ–Ω–∞ –¥–∞—Ç–∞ –±–ª–æ–∫–∏—Ä–æ–≤–∫–∏ c 1900-01-01 –Ω–∞ 2025-05-12
01:14:52 | INFO | storage_service | –ü–µ—Ä–µ—Å—á–∏—Ç–∞–Ω—ã –æ—Å—Ç–∞—Ç–∫–∏ –Ω–æ–º–µ–Ω–∫–ª–∞—Ç—É—Ä –¥–ª—è –Ω–æ–≤–æ–π –¥–∞—Ç—ã –±–ª–æ–∫–∏—Ä–æ–≤–∫–∏ 2025-05-12
01:14:52 | INFO | storage_service | –ü–µ—Ä–µ—Å—á–∏—Ç–∞–Ω—ã –æ—Å—Ç–∞—Ç–∫–∏ –Ω–æ–º–µ–Ω–∫–ª–∞—Ç—É—Ä –¥–ª—è –Ω–æ–≤–æ–π –¥–∞—Ç—ã –±–ª–æ–∫–∏—Ä–æ–≤–∫–∏ 2025-05-12
01:14:52 | INFO | storage_service | –°–æ—Ö—Ä–∞–Ω–µ–Ω–∏–µ —Ä–µ–ø–æ–∑–∏—Ç–æ—Ä–∏—è –≤ —Ñ–∞–π–ª appsettings.json.
01:14:52 | INFO | storage_service | –ü–µ—Ä–µ—Å—á–∏—Ç–∞–Ω—ã –æ—Å—Ç–∞—Ç–∫–∏ –Ω–æ–º–µ–Ω–∫–ª–∞—Ç—É—Ä –¥–ª—è –Ω–æ–≤–æ–π –¥–∞—Ç—ã –±–ª–æ–∫–∏—Ä–æ–≤–∫–∏ 2025-05-12
01:14:52 | INFO | storage_service | –°–æ—Ö—Ä–∞–Ω–µ–Ω–∏–µ —Ä–µ–ø–æ–∑–∏—Ç–æ—Ä–∏—è –≤ —Ñ–∞–π–ª appsettings.json.
01:14:52 | INFO | storage_service | –°–æ—Ö—Ä–∞–Ω–µ–Ω–∏–µ —Ä–µ–ø–æ–∑–∏—Ç–æ—Ä–∏—è –≤ —Ñ–∞–π–ª appsettings.json.
01:14:52 | INFO | storage_service | –°–æ—Ö—Ä–∞–Ω–µ–Ω–∏–µ —Ä–µ–ø–æ–∑–∏—Ç–æ—Ä–∏—è –≤ —Ñ–∞–π–ª appsettings.json.
01:14:52 | INFO | settings_manager | –ò–∑–º–µ–Ω–µ–Ω–∞ –¥–∞—Ç–∞ –±–ª–æ–∫–∏—Ä–æ–≤–∫–∏ c 1900-01-01 –Ω–∞ 2025-05-12
01:14:52 | INFO | settings_manager | –ò–∑–º–µ–Ω–µ–Ω–∞ –¥–∞—Ç–∞ –±–ª–æ–∫–∏—Ä–æ–≤–∫–∏ c 1900-01-01 –Ω–∞ 2025-05-12
01:14:52 | INFO | storage_service | –°–æ—Ö—Ä–∞–Ω–µ–Ω–∏–µ —Ä–µ–ø–æ–∑–∏—Ç–æ—Ä–∏—è –≤ —Ñ–∞–π–ª appsettings.json.
01:14:52 | INFO | settings_manager | –ò–∑–º–µ–Ω–µ–Ω–∞ –¥–∞—Ç–∞ –±–ª–æ–∫–∏—Ä–æ–≤–∫–∏ c 1900-01-01 –Ω–∞ 2025-05-12
01:14:52 | INFO | storage_service | –°–æ—Ö—Ä–∞–Ω–µ–Ω–∏–µ —Ä–µ–ø–æ–∑–∏—Ç–æ—Ä–∏—è –≤ —Ñ–∞–π–ª appsettings.json.
01:14:52 | INFO | storage_service | –°–æ—Ö—Ä–∞–Ω–µ–Ω–∏–µ —Ä–µ–ø–æ–∑–∏—Ç–æ—Ä–∏—è –≤ —Ñ–∞–π–ª appsettings.json.
01:14:52 | INFO | settings_manager | –ò–∑–º–µ–Ω–µ–Ω–∞ –¥–∞—Ç–∞ –±–ª–æ–∫–∏—Ä–æ–≤–∫–∏ c 1900-01-01 –Ω–∞ 2025-05-12
01:14:52 | INFO | settings_manager | –ò–∑–º–µ–Ω–µ–Ω–∞ –¥–∞—Ç–∞ –±–ª–æ–∫–∏—Ä–æ–≤–∫–∏ c 1900-01-01 –Ω–∞ 2025-05-12
01:14:52 | INFO | storage_service | –ü–µ—Ä–µ—Å—á–∏—Ç–∞–Ω—ã –æ—Å—Ç–∞—Ç–∫–∏ –Ω–æ–º–µ–Ω–∫–ª–∞—Ç—É—Ä –¥–ª—è –Ω–æ–≤–æ–π –¥–∞—Ç—ã –±–ª–æ–∫–∏—Ä–æ–≤–∫–∏ 2025-05-12
01:14:52 | INFO | settings_manager | –ò–∑–º–µ–Ω–µ–Ω–∞ –¥–∞—Ç–∞ –±–ª–æ–∫–∏—Ä–æ–≤–∫–∏ c 1900-01-01 –Ω–∞ 2025-05-12
01:14:52 | INFO | storage_service | –°–æ—Ö—Ä–∞–Ω–µ–Ω–∏–µ —Ä–µ–ø–æ–∑–∏—Ç–æ—Ä–∏—è –≤ —Ñ–∞–π–ª appsettings.json.
æ–π –¥–∞—Ç—ã –±–ª–æ–∫–∏—Ä–æ–≤–∫–∏ 2025-05-12
01:14:52 | INFO | storage_service | –°–æ—Ö—Ä–∞–Ω–µ–Ω–∏–µ —Ä–µ–ø–æ–∑–∏—Ç–æ—Ä–∏—è –≤ —Ñ–∞–π–ª appsettings.json.
01:14:52 | INFO | settings_manager | –ò–∑–º–µ–Ω–µ–Ω–∞ –¥–∞—Ç–∞ –±–ª–æ–∫–∏—Ä–æ–≤–∫–∏ c 1900-01-01 –Ω–∞ 2025-05-12
01:14:52 | INFO | settings_manager | –ò–∑–º–µ–Ω–µ–Ω–∞ –¥–∞—Ç–∞ –±–ª–æ–∫–∏—Ä–æ–≤–∫–∏ c 1900-01-01 –Ω–∞ 2025-05-12
01:14:52 | INFO | storage_service | –ü–µ—Ä–µ—Å—á–∏—Ç–∞–Ω—ã –æ—Å—Ç–∞—Ç–∫–∏ –Ω–æ–º–µ–Ω–∫–ª–∞—Ç—É—Ä –¥–ª—è –Ω–æ–≤–æ–π –¥–∞—Ç—ã –±–ª–æ–∫–∏—Ä–æ–≤–∫–∏ 2025-05-12
01:14:52 | INFO | settings_manager | –ò–∑–º–µ–Ω–µ–Ω–∞ –¥–∞—Ç–∞ –±–ª–æ–∫–∏—Ä–æ–≤–∫–∏ c 1900-01-01 –Ω–∞ 2025-05-12
01:14:52 | INFO | storage_service | –°–æ—Ö—Ä–∞–Ω–µ–Ω–∏–µ —Ä–µ–ø–æ–∑–∏—Ç–æ—Ä–∏—è –≤ —Ñ–∞–π–ª appsettings.json.
01:14:52 | INFO | storage_service | –ü–µ—Ä–µ—Å—á–∏—Ç–∞–Ω—ã –æ—Å—Ç–∞—Ç–∫–∏ –Ω–æ–º–µ–Ω–∫–ª–∞—Ç—É—Ä –¥–ª—è –Ω–æ–≤–æ–π –¥–∞—Ç—ã –±–ª–æ–∫–∏—Ä–æ–≤–∫–∏ 2025-05-12
01:14:52 | INFO | storage_service | –°–æ—Ö—Ä–∞–Ω–µ–Ω–∏–µ —Ä–µ–ø–æ–∑–∏—Ç–æ—Ä–∏—è –≤ —Ñ–∞–π–ª appsettings.json.
01:14:52 | INFO | settings_manager | –ò–∑–º–µ–Ω–µ–Ω–∞ –¥–∞—Ç–∞ –±–ª–æ–∫–∏—Ä–æ–≤–∫–∏ c 1900-01-01 –Ω–∞ 2025-05-12
01:14:52 | INFO | settings_manager | –ò–∑–º–µ–Ω–µ–Ω–∞ –¥–∞—Ç–∞ –±–ª–æ–∫–∏—Ä–æ–≤–∫–∏ c 1900-01-01 –Ω–∞ 2025-05-12
01:14:52 | INFO | storage_service | –ü–µ—Ä–µ—Å—á–∏—Ç–∞–Ω—ã –æ—Å—Ç–∞—Ç–∫–∏ –Ω–æ–º–µ–Ω–∫–ª–∞—Ç—É—Ä –¥–ª—è –Ω–æ–≤–æ–π –¥–∞—Ç—ã –±–ª–æ–∫–∏—Ä–æ–≤–∫–∏ 2025-05-12
01:14:52 | INFO | storage_service | –ü–µ—Ä–µ—Å—á–∏—Ç–∞–Ω—ã –æ—Å—Ç–∞—Ç–∫–∏ –Ω–æ–º–µ–Ω–∫–ª–∞—Ç—É—Ä –¥–ª—è –Ω–æ–≤–æ–π –¥–∞—Ç—ã –±–ª–æ–∫–∏—Ä–æ–≤–∫–∏ 2025-05-12
01:14:52 | INFO | storage_service | –ü–µ—Ä–µ—Å—á–∏—Ç–∞–Ω—ã –æ—Å—Ç–∞—Ç–∫–∏ –Ω–æ–º–µ–Ω–∫–ª–∞—Ç—É—Ä –¥–ª—è –Ω–æ–≤–æ–π –¥–∞—Ç—ã –±–ª–æ–∫–∏—Ä–æ–≤–∫–∏ 2025-05-12
01:14:52 | INFO | storage_service | –ü–µ—Ä–µ—Å—á–∏—Ç–∞–Ω—ã –æ—Å—Ç–∞—Ç–∫–∏ –Ω–æ–º–µ–Ω–∫–ª–∞—Ç—É—Ä –¥–ª—è –Ω–æ–≤–æ–π –¥–∞—Ç—ã –±–ª–æ–∫–∏—Ä–æ–≤–∫–∏ 2025-05-12
01:14:52 | INFO | storage_service | –ü–µ—Ä–µ—Å—á–∏—Ç–∞–Ω—ã –æ—Å—Ç–∞—Ç–∫–∏ –Ω–æ–º–µ–Ω–∫–ª–∞—Ç—É—Ä –¥–ª—è –Ω–æ–≤–æ–π –¥–∞—Ç—ã –±–ª–æ–∫–∏—Ä–æ–≤–∫–∏ 2025-05-12
01:14:52 | INFO | settings_manager | –ò–∑–º–µ–Ω–µ–Ω–∞ –¥–∞—Ç–∞ –±–ª–æ–∫–∏—Ä–æ–≤–∫–∏ c 1900-01-01 –Ω–∞ 2025-05-12
01:14:52 | INFO | storage_service | –ü–µ—Ä–µ—Å—á–∏—Ç–∞–Ω—ã –æ—Å—Ç–∞—Ç–∫–∏ –Ω–æ–º–µ–Ω–∫–ª–∞—Ç—É—Ä –¥–ª—è –Ω–æ–≤–æ–π –¥–∞—Ç—ã –±–ª–æ–∫–∏—Ä–æ–≤–∫–∏ 2025-05-12
01:14:52 | INFO | storage_service | –ü–µ—Ä–µ—Å—á–∏—Ç–∞–Ω—ã –æ—Å—Ç–∞—Ç–∫–∏ –Ω–æ–º–µ–Ω–∫–ª–∞—Ç—É—Ä –¥–ª—è –Ω–æ–≤–æ–π –¥–∞—Ç—ã –±–ª–æ–∫–∏—Ä–æ–≤–∫–∏ 2025-05-12
01:14:52 | INFO | settings_manager | –ò–∑–º–µ–Ω–µ–Ω–∞ –¥–∞—Ç–∞ –±–ª–æ–∫–∏—Ä–æ–≤–∫–∏ c 1900-01-01 –Ω–∞ 2025-05-12
01:14:52 | INFO | storage_service | –ü–µ—Ä–µ—Å—á–∏—Ç–∞–Ω—ã –æ—Å—Ç–∞—Ç–∫–∏ –Ω–æ–º–µ–Ω–∫–ª–∞—Ç—É—Ä –¥–ª—è –Ω–æ–≤–æ–π –¥–∞—Ç—ã –±–ª–æ–∫–∏—Ä–æ–≤–∫–∏ 2025-05-12
01:14:52 | INFO | storage_service | –ü–µ—Ä–µ—Å—á–∏—Ç–∞–Ω—ã –æ—Å—Ç–∞—Ç–∫–∏ –Ω–æ–º–µ–Ω–∫–ª–∞—Ç—É—Ä –¥–ª—è –Ω–æ–≤–æ–π –¥–∞—Ç—ã –±–ª–æ–∫–∏—Ä–æ–≤–∫–∏ 2025-05-12
01:14:52 | INFO | storage_service | –°–æ—Ö—Ä–∞–Ω–µ–Ω–∏–µ —Ä–µ–ø–æ–∑–∏—Ç–æ—Ä–∏—è –≤ —Ñ–∞–π–ª appsettings.json.
01:14:52 | INFO | settings_manager | –ò–∑–º–µ–Ω–µ–Ω–∞ –¥–∞—Ç–∞ –±–ª–æ–∫–∏—Ä–æ–≤–∫–∏ c 1900-01-01 –Ω–∞ 2025-05-12
01:14:52 | INFO | storage_service | –°–æ—Ö—Ä–∞–Ω–µ–Ω–∏–µ —Ä–µ–ø–æ–∑–∏—Ç–æ—Ä–∏—è –≤ —Ñ–∞–π–ª appsettings.json.
01:14:52 | INFO | storage_service | –°–æ—Ö—Ä–∞–Ω–µ–Ω–∏–µ —Ä–µ–ø–æ–∑–∏—Ç–æ—Ä–∏—è –≤ —Ñ–∞–π–ª appsettings.json.
01:14:52 | INFO | storage_service | –°–æ—Ö—Ä–∞–Ω–µ–Ω–∏–µ —Ä–µ–ø–æ–∑–∏—Ç–æ—Ä–∏—è –≤ —Ñ–∞–π–ª appsettings.json.
01:14:52 | INFO | settings_manager | –ò–∑–º–µ–Ω–µ–Ω–∞ –¥–∞—Ç–∞ –±–ª–æ–∫–∏—Ä–æ–≤–∫–∏ c 1900-01-01 –Ω–∞ 2025-05-12
01:14:52 | INFO | settings_manager | –ò–∑–º–µ–Ω–µ–Ω–∞ –¥–∞—Ç–∞ –±–ª–æ–∫–∏—Ä–æ–≤–∫–∏ c 1900-01-01 –Ω–∞ 2025-05-12
01:14:52 | INFO | settings_manager | –ò–∑–º–µ–Ω–µ–Ω–∞ –¥–∞—Ç–∞ –±–ª–æ–∫–∏—Ä–æ–≤–∫–∏ c 1900-01-01 –Ω–∞ 2025-05-12
01:14:52 | INFO | storage_service | –ü–µ—Ä–µ—Å—á–∏—Ç–∞–Ω—ã –æ—Å—Ç–∞—Ç–∫–∏ –Ω–æ–º–µ–Ω–∫–ª–∞—Ç—É—Ä –¥–ª—è –Ω–æ–≤–æ–π –¥–∞—Ç—ã –±–ª–æ–∫–∏—Ä–æ–≤–∫–∏ 2025-05-12
01:14:52 | INFO | storage_service | –°–æ—Ö—Ä–∞–Ω–µ–Ω–∏–µ —Ä–µ–ø–æ–∑–∏—Ç–æ—Ä–∏—è –≤ —Ñ–∞–π–ª appsettings.json.
01:14:53 | INFO | storage_service | –°–æ—Ö—Ä–∞–Ω–µ–Ω–∏–µ —Ä–µ–ø–æ–∑–∏—Ç–æ—Ä–∏—è –≤ —Ñ–∞–π–ª appsettings.json.
01:14:53 | INFO | settings_manager | –ò–∑–º–µ–Ω–µ–Ω–∞ –¥–∞—Ç–∞ –±–ª–æ–∫–∏—Ä–æ–≤–∫–∏ c 1900-01-01 –Ω–∞ 2025-05-12
01:14:53 | INFO | storage_service | –°–æ—Ö—Ä–∞–Ω–µ–Ω–∏–µ —Ä–µ–ø–æ–∑–∏—Ç–æ—Ä–∏—è –≤ —Ñ–∞–π–ª appsettings.json.
01:14:53 | INFO | storage_service | –°–æ—Ö—Ä–∞–Ω–µ–Ω–∏–µ —Ä–µ–ø–æ–∑–∏—Ç–æ—Ä–∏—è –≤ —Ñ–∞–π–ª appsettings.json.
01:14:53 | INFO | settings_manager | –ò–∑–º–µ–Ω–µ–Ω–∞ –¥–∞—Ç–∞ –±–ª–æ–∫–∏—Ä–æ–≤–∫–∏ c 1900-01-01 –Ω–∞ 2025-05-12
01:14:53 | INFO | settings_manager | –ò–∑–º–µ–Ω–µ–Ω–∞ –¥–∞—Ç–∞ –±–ª–æ–∫–∏—Ä–æ–≤–∫–∏ c 1900-01-01 –Ω–∞ 2025-05-12
01:14:53 | INFO | settings_manager | –ò–∑–º–µ–Ω–µ–Ω–∞ –¥–∞—Ç–∞ –±–ª–æ–∫–∏—Ä–æ–≤–∫–∏ c 1900-01-01 –Ω–∞ 2025-05-12
01:14:53 | INFO | storage_service | –ü–µ—Ä–µ—Å—á–∏—Ç–∞–Ω—ã –æ—Å—Ç–∞—Ç–∫–∏ –Ω–æ–º–µ–Ω–∫–ª–∞—Ç—É—Ä –¥–ª—è –Ω–æ–≤–æ–π –¥–∞—Ç—ã –±–ª–æ–∫–∏—Ä–æ–≤–∫–∏ 2025-05-12
01:14:53 | INFO | storage_service | –ü–µ—Ä–µ—Å—á–∏—Ç–∞–Ω—ã –æ—Å—Ç–∞—Ç–∫–∏ –Ω–æ–º–µ–Ω–∫–ª–∞—Ç—É—Ä –¥–ª—è –Ω–æ–≤–æ–π –¥–∞—Ç—ã –±–ª–æ–∫–∏—Ä–æ–≤–∫–∏ 2025-05-12
01:14:53 | INFO | storage_service | –ü–µ—Ä–µ—Å—á–∏—Ç–∞–Ω—ã –æ—Å—Ç–∞—Ç–∫–∏ –Ω–æ–º–µ–Ω–∫–ª–∞—Ç—É—Ä –¥–ª—è –Ω–æ–≤–æ–π –¥–∞—Ç—ã –±–ª–æ–∫–∏—Ä–æ–≤–∫–∏ 2025-05-12
01:14:53 | INFO | storage_service | –ü–µ—Ä–µ—Å—á–∏—Ç–∞–Ω—ã –æ—Å—Ç–∞—Ç–∫–∏ –Ω–æ–º–µ–Ω–∫–ª–∞—Ç—É—Ä –¥–ª—è –Ω–æ–≤–æ–π –¥–∞—Ç—ã –±–ª–æ–∫–∏—Ä–æ–≤–∫–∏ 2025-05-12
01:14:53 | INFO | storage_service | –ü–µ—Ä–µ—Å—á–∏—Ç–∞–Ω—ã –æ—Å—Ç–∞—Ç–∫–∏ –Ω–æ–º–µ–Ω–∫–ª–∞—Ç—É—Ä –¥–ª—è –Ω–æ–≤–æ–π –¥–∞—Ç—ã –±–ª–æ–∫–∏—Ä–æ–≤–∫–∏ 2025-05-12
01:14:53 | INFO | storage_service | –°–æ—Ö—Ä–∞–Ω–µ–Ω–∏–µ —Ä–µ–ø–æ–∑–∏—Ç–æ—Ä–∏—è –≤ —Ñ–∞–π–ª appsettings.json.
01:14:53 | INFO | settings_manager | –ò–∑–º–µ–Ω–µ–Ω–∞ –¥–∞—Ç–∞ –±–ª–æ–∫–∏—Ä–æ–≤–∫–∏ c 1900-01-01 –Ω–∞ 2025-05-12
01:14:53 | INFO | storage_service | –°–æ—Ö—Ä–∞–Ω–µ–Ω–∏–µ —Ä–µ–ø–æ–∑–∏—Ç–æ—Ä–∏—è –≤ —Ñ–∞–π–ª appsettings.json.
01:14:53 | INFO | storage_service | –ü–µ—Ä–µ—Å—á–∏—Ç–∞–Ω—ã –æ—Å—Ç–∞—Ç–∫–∏ –Ω–æ–º–µ–Ω–∫–ª–∞—Ç—É—Ä –¥–ª—è –Ω–æ–≤–æ–π –¥–∞—Ç—ã –±–ª–æ–∫–∏—Ä–æ–≤–∫–∏ 2025-05-12
01:14:53 | INFO | storage_service | –°–æ—Ö—Ä–∞–Ω–µ–Ω–∏–µ —Ä–µ–ø–æ–∑–∏—Ç–æ—Ä–∏—è –≤ —Ñ–∞–π–ª appsettings.json.
01:14:53 | INFO | settings_manager | –ò–∑–º–µ–Ω–µ–Ω–∞ –¥–∞—Ç–∞ –±–ª–æ–∫–∏—Ä–æ–≤–∫–∏ c 1900-01-01 –Ω–∞ 2025-05-12
01:14:53 | INFO | storage_service | –ü–µ—Ä–µ—Å—á–∏—Ç–∞–Ω—ã –æ—Å—Ç–∞—Ç–∫–∏ –Ω–æ–º–µ–Ω–∫–ª–∞—Ç—É—Ä –¥–ª—è –Ω–æ–≤–æ–π –¥–∞—Ç—ã –±–ª–æ–∫–∏—Ä–æ–≤–∫–∏ 2025-05-12
01:14:53 | INFO | storage_service | –ü–µ—Ä–µ—Å—á–∏—Ç–∞–Ω—ã –æ—Å—Ç–∞—Ç–∫–∏ –Ω–æ–º–µ–Ω–∫–ª–∞—Ç—É—Ä –¥–ª—è –Ω–æ–≤–æ–π –¥–∞—Ç—ã –±–ª–æ–∫–∏—Ä–æ–≤–∫–∏ 2025-05-12
01:14:53 | INFO | settings_manager | –ò–∑–º–µ–Ω–µ–Ω–∞ –¥–∞—Ç–∞ –±–ª–æ–∫–∏—Ä–æ–≤–∫–∏ c 1900-01-01 –Ω–∞ 2025-05-12
01:14:53 | INFO | storage_service | –°–æ—Ö—Ä–∞–Ω–µ–Ω–∏–µ —Ä–µ–ø–æ–∑–∏—Ç–æ—Ä–∏—è –≤ —Ñ–∞–π–ª appsettings.json.
01:14:53 | INFO | settings_manager | –ò–∑–º–µ–Ω–µ–Ω–∞ –¥–∞—Ç–∞ –±–ª–æ–∫–∏—Ä–æ–≤–∫–∏ c 1900-01-01 –Ω–∞ 2025-05-12
01:14:53 | INFO | storage_service | –°–æ—Ö—Ä–∞–Ω–µ–Ω–∏–µ —Ä–µ–ø–æ–∑–∏—Ç–æ—Ä–∏—è –≤ —Ñ–∞–π–ª appsettings.json.
01:14:53 | INFO | storage_service | –ü–µ—Ä–µ—Å—á–∏—Ç–∞–Ω—ã –æ—Å—Ç–∞—Ç–∫–∏ –Ω–æ–º–µ–Ω–∫–ª–∞—Ç—É—Ä –¥–ª—è –Ω–æ–≤–æ–π –¥–∞—Ç—ã –±–ª–æ–∫–∏—Ä–æ–≤–∫–∏ 2025-05-12
01:14:53 | INFO | storage_service | –ü–µ—Ä–µ—Å—á–∏—Ç–∞–Ω—ã –æ—Å—Ç–∞—Ç–∫–∏ –Ω–æ–º–µ–Ω–∫–ª–∞—Ç—É—Ä –¥–ª—è –Ω–æ–≤–æ–π –¥–∞—Ç—ã –±–ª–æ–∫–∏—Ä–æ–≤–∫–∏ 2025-05-12
01:14:53 | INFO | storage_service | –°–æ—Ö—Ä–∞–Ω–µ–Ω–∏–µ —Ä–µ–ø–æ–∑–∏—Ç–æ—Ä–∏—è –≤ —Ñ–∞–π–ª appsettings.json.
2
01:14:53 | INFO | settings_manager | –ò–∑–º–µ–Ω–µ–Ω–∞ –¥–∞—Ç–∞ –±–ª–æ–∫–∏—Ä–æ–≤–∫–∏ c 1900-01-01 –Ω–∞ 2025-05-12
01:14:53 | INFO | settings_manager | –ò–∑–º–µ–Ω–µ–Ω–∞ –¥–∞—Ç–∞ –±–ª–æ–∫–∏—Ä–æ–≤–∫–∏ c 1900-01-01 –Ω–∞ 2025-05-12
01:14:53 | INFO | storage_service | –ü–µ—Ä–µ—Å—á–∏—Ç–∞–Ω—ã –æ—Å—Ç–∞—Ç–∫–∏ –Ω–æ–º–µ–Ω–∫–ª–∞—Ç—É—Ä –¥–ª—è –Ω–æ–≤–æ–π –¥–∞—Ç—ã –±–ª–æ–∫–∏—Ä–æ–≤–∫–∏ 2025-05-12
01:14:53 | INFO | storage_service | –ü–µ—Ä–µ—Å—á–∏—Ç–∞–Ω—ã –æ—Å—Ç–∞—Ç–∫–∏ –Ω–æ–º–µ–Ω–∫–ª–∞—Ç—É—Ä –¥–ª—è –Ω–æ–≤–æ–π –¥–∞—Ç—ã –±–ª–æ–∫–∏—Ä–æ–≤–∫–∏ 2025-05-12
01:14:53 | INFO | storage_service | –°–æ—Ö—Ä–∞–Ω–µ–Ω–∏–µ —Ä–µ–ø–æ–∑–∏—Ç–æ—Ä–∏—è –≤ —Ñ–∞–π–ª appsettings.json.
01:14:53 | INFO | settings_manager | –ò–∑–º–µ–Ω–µ–Ω–∞ –¥–∞—Ç–∞ –±–ª–æ–∫–∏—Ä–æ–≤–∫–∏ c 1900-01-01 –Ω–∞ 2025-05-12
01:14:53 | INFO | storage_service | –ü–µ—Ä–µ—Å—á–∏—Ç–∞–Ω—ã –æ—Å—Ç–∞—Ç–∫–∏ –Ω–æ–º–µ–Ω–∫–ª–∞—Ç—É—Ä –¥–ª—è –Ω–æ–≤–æ–π –¥–∞—Ç—ã –±–ª–æ–∫–∏—Ä–æ–≤–∫–∏ 2025-05-12
01:14:53 | INFO | storage_service | –ü–µ—Ä–µ—Å—á–∏—Ç–∞–Ω—ã –æ—Å—Ç–∞—Ç–∫–∏ –Ω–æ–º–µ–Ω–∫–ª–∞—Ç—É—Ä –¥–ª—è –Ω–æ–≤–æ–π –¥–∞—Ç—ã –±–ª–æ–∫–∏—Ä–æ–≤–∫–∏ 2025-05-12
01:14:53 | INFO | storage_service | –°–æ—Ö—Ä–∞–Ω–µ–Ω–∏–µ —Ä–µ–ø–æ–∑–∏—Ç–æ—Ä–∏—è –≤ —Ñ–∞–π–ª appsettings.json.
01:14:53 | INFO | settings_manager | –ò–∑–º–µ–Ω–µ–Ω–∞ –¥–∞—Ç–∞ –±–ª–æ–∫–∏—Ä–æ–≤–∫–∏ c 1900-01-01 –Ω–∞ 2025-05-12
01:14:53 | INFO | storage_service | –°–æ—Ö—Ä–∞–Ω–µ–Ω–∏–µ —Ä–µ–ø–æ–∑–∏—Ç–æ—Ä–∏—è –≤ —Ñ–∞–π–ª appsettings.json.
01:14:53 | INFO | settings_manager | –ò–∑–º–µ–Ω–µ–Ω–∞ –¥–∞—Ç–∞ –±–ª–æ–∫–∏—Ä–æ–≤–∫–∏ c 1900-01-01 –Ω–∞ 2025-05-12
01:14:53 | INFO | storage_service | –°–æ—Ö—Ä–∞–Ω–µ–Ω–∏–µ —Ä–µ–ø–æ–∑–∏—Ç–æ—Ä–∏—è –≤ —Ñ–∞–π–ª appsettings.json.
01:14:53 | INFO | storage_service | –ü–µ—Ä–µ—Å—á–∏—Ç–∞–Ω—ã –æ—Å—Ç–∞—Ç–∫–∏ –Ω–æ–º–µ–Ω–∫–ª–∞—Ç—É—Ä –¥–ª—è –Ω–æ–≤–æ–π –¥–∞—Ç—ã –±–ª–æ–∫–∏—Ä–æ–≤–∫–∏ 2025-05-12
01:14:53 | INFO | settings_manager | –ò–∑–º–µ–Ω–µ–Ω–∞ –¥–∞—Ç–∞ –±–ª–æ–∫–∏—Ä–æ–≤–∫–∏ c 1900-01-01 –Ω–∞ 2025-05-12
01:14:53 | INFO | storage_service | –î–æ–±–∞–≤–ª–µ–Ω–∏–µ –Ω–æ–≤–æ–π –º–æ–¥–µ–ª–∏ nomenclature_model.
01:14:53 | INFO | storage_service | –ü–µ—Ä–µ—Å—á–∏—Ç–∞–Ω—ã –æ—Å—Ç–∞—Ç–∫–∏ –Ω–æ–º–µ–Ω–∫–ª–∞—Ç—É—Ä –¥–ª—è –Ω–æ–≤–æ–π –¥–∞—Ç—ã –±–ª–æ–∫–∏—Ä–æ–≤–∫–∏ 2025-05-12
01:14:53 | INFO | storage_service | –°–æ—Ö—Ä–∞–Ω–µ–Ω–∏–µ —Ä–µ–ø–æ–∑–∏—Ç–æ—Ä–∏—è –≤ —Ñ–∞–π–ª appsettings.json.
01:14:53 | INFO | storage_service | –ü–µ—Ä–µ—Å—á–∏—Ç–∞–Ω—ã –æ—Å—Ç–∞—Ç–∫–∏ –Ω–æ–º–µ–Ω–∫–ª–∞—Ç—É—Ä –¥–ª—è –Ω–æ–≤–æ–π –¥–∞—Ç—ã –±–ª–æ–∫–∏—Ä–æ–≤–∫–∏ 2025-05-12
01:14:53 | INFO | settings_manager | –ò–∑–º–µ–Ω–µ–Ω–∞ –¥–∞—Ç–∞ –±–ª–æ–∫–∏—Ä–æ–≤–∫–∏ c 1900-01-01 –Ω–∞ 2025-05-12
01:14:53 | INFO | storage_service | –°–æ—Ö—Ä–∞–Ω–µ–Ω–∏–µ —Ä–µ–ø–æ–∑–∏—Ç–æ—Ä–∏—è –≤ —Ñ–∞–π–ª appsettings.json.
01:14:53 | INFO | storage_service | –ü–µ—Ä–µ—Å—á–∏—Ç–∞–Ω—ã –æ—Å—Ç–∞—Ç–∫–∏ –Ω–æ–º–µ–Ω–∫–ª–∞—Ç—É—Ä –¥–ª—è –Ω–æ–≤–æ–π –¥–∞—Ç—ã –±–ª–æ–∫–∏—Ä–æ–≤–∫–∏ 2025-05-12
01:14:53 | INFO | settings_manager | –ò–∑–º–µ–Ω–µ–Ω–∞ –¥–∞—Ç–∞ –±–ª–æ–∫–∏—Ä–æ–≤–∫–∏ c 1900-01-01 –Ω–∞ 2025-05-12
01:14:53 | INFO | storage_service | –°–æ—Ö—Ä–∞–Ω–µ–Ω–∏–µ —Ä–µ–ø–æ–∑–∏—Ç–æ—Ä–∏—è –≤ —Ñ–∞–π–ª appsettings.json.
01:14:53 | INFO | storage_service | –ü–µ—Ä–µ—Å—á–∏—Ç–∞–Ω—ã –æ—Å—Ç–∞—Ç–∫–∏ –Ω–æ–º–µ–Ω–∫–ª–∞—Ç—É—Ä –¥–ª—è –Ω–æ–≤–æ–π –¥–∞—Ç—ã –±–ª–æ–∫–∏—Ä–æ–≤–∫–∏ 2025-05-12
01:14:53 | INFO | CRUD | –í —Ä–µ–ø–æ–∑–∏—Ç–æ—Ä–∏–π –¥–æ–±–∞–≤–ª–µ–Ω –Ω–æ–≤—ã–π –æ–±—ä–µ–∫—Ç nomenclature_model c dto {'name': '–ê–Ω–∞–Ω–∞—Å', 'measure_id': 'adb7510f-687d-428f-a697-26e53d3f65b7', 'category_id': '7f4ecdab-0f01-4216-8b72-4c91d22b8918', 'id': '12345678'}.
01:14:53 | INFO | settings_manager | –ò–∑–º–µ–Ω–µ–Ω–∞ –¥–∞—Ç–∞ –±–ª–æ–∫–∏—Ä–æ–≤–∫–∏ c 1900-01-01 –Ω–∞ 2025-05-12
01:14:53 | INFO | storage_service | –£–¥–∞–ª–µ–Ω–∏–µ –º–æ–¥–µ–ª–∏ nomenclature_model 12345678.
01:14:53 | INFO | storage_service | –ü–µ—Ä–µ—Å—á–∏—Ç–∞–Ω—ã –æ—Å—Ç–∞—Ç–∫–∏ –Ω–æ–º–µ–Ω–∫–ª–∞—Ç—É—Ä –¥–ª—è –Ω–æ–≤–æ–π –¥–∞—Ç—ã –±–ª–æ–∫–∏—Ä–æ–≤–∫–∏ 2025-05-12
01:14:53 | INFO | storage_service | –°–æ—Ö—Ä–∞–Ω–µ–Ω–∏–µ —Ä–µ–ø–æ–∑–∏—Ç–æ—Ä–∏—è –≤ —Ñ–∞–π–ª appsettings.json.
01:14:53 | INFO | settings_manager | –ò–∑–º–µ–Ω–µ–Ω–∞ –¥–∞—Ç–∞ –±–ª–æ–∫–∏—Ä–æ–≤–∫–∏ c 1900-01-01 –Ω–∞ 2025-05-12
01:14:53 | INFO | storage_service | –°–æ—Ö—Ä–∞–Ω–µ–Ω–∏–µ —Ä–µ–ø–æ–∑–∏—Ç–æ—Ä–∏—è –≤ —Ñ–∞–π–ª appsettings.json.
01:14:53 | INFO | storage_service | –ü–µ—Ä–µ—Å—á–∏—Ç–∞–Ω—ã –æ—Å—Ç–∞—Ç–∫–∏ –Ω–æ–º–µ–Ω–∫–ª–∞—Ç—É—Ä –¥–ª—è –Ω–æ–≤–æ–π –¥–∞—Ç—ã –±–ª–æ–∫–∏—Ä–æ–≤–∫–∏ 2025-05-12
01:14:53 | INFO | storage_service | –°–æ—Ö—Ä–∞–Ω–µ–Ω–∏–µ —Ä–µ–ø–æ–∑–∏—Ç–æ—Ä–∏—è –≤ —Ñ–∞–π–ª appsettings.json.
01:14:53 | INFO | settings_manager | –ò–∑–º–µ–Ω–µ–Ω–∞ –¥–∞—Ç–∞ –±–ª–æ–∫–∏—Ä–æ–≤–∫–∏ c 1900-01-01 –Ω–∞ 2025-05-12
01:14:53 | INFO | CRUD | –£–¥–∞–ª–µ–Ω –æ–±—ä–µ–∫—Ç nomenclature_model c id 12345678.
01:14:53 | INFO | settings_manager | –ò–∑–º–µ–Ω–µ–Ω–∞ –¥–∞—Ç–∞ –±–ª–æ–∫–∏—Ä–æ–≤–∫–∏ c 1900-01-01 –Ω–∞ 2025-05-12
01:14:53 | INFO | storage_service | –ü–µ—Ä–µ—Å—á–∏—Ç–∞–Ω—ã –æ—Å—Ç–∞—Ç–∫–∏ –Ω–æ–º–µ–Ω–∫–ª–∞—Ç—É—Ä –¥–ª—è –Ω–æ–≤–æ–π –¥–∞—Ç—ã –±–ª–æ–∫–∏—Ä–æ–≤–∫–∏ 2025-05-12
01:14:53 | INFO | storage_service | –°–æ—Ö—Ä–∞–Ω–µ–Ω–∏–µ —Ä–µ–ø–æ–∑–∏—Ç–æ—Ä–∏—è –≤ —Ñ–∞–π–ª appsettings.json.
01:14:53 | INFO | storage_service | –ü–µ—Ä–µ—Å—á–∏—Ç–∞–Ω—ã –æ—Å—Ç–∞—Ç–∫–∏ –Ω–æ–º–µ–Ω–∫–ª–∞—Ç—É—Ä –¥–ª—è –Ω–æ–≤–æ–π –¥–∞—Ç—ã –±–ª–æ–∫–∏—Ä–æ–≤–∫–∏ 2025-05-12
01:14:53 | INFO | settings_manager | –ò–∑–º–µ–Ω–µ–Ω–∞ –¥–∞—Ç–∞ –±–ª–æ–∫–∏—Ä–æ–≤–∫–∏ c 1900-01-01 –Ω–∞ 2025-05-12
01:14:53 | INFO | storage_service | –ü–µ—Ä–µ—Å—á–∏—Ç–∞–Ω—ã –æ—Å—Ç–∞—Ç–∫–∏ –Ω–æ–º–µ–Ω–∫–ª–∞—Ç—É—Ä –¥–ª—è –Ω–æ–≤–æ–π –¥–∞—Ç—ã –±–ª–æ–∫–∏—Ä–æ–≤–∫–∏ 2025-05-12
01:14:53 | INFO | storage_service | –°–æ—Ö—Ä–∞–Ω–µ–Ω–∏–µ —Ä–µ–ø–æ–∑–∏—Ç–æ—Ä–∏—è –≤ —Ñ–∞–π–ª appsettings.json.
01:14:53 | INFO | storage_service | –°–æ—Ö—Ä–∞–Ω–µ–Ω–∏–µ —Ä–µ–ø–æ–∑–∏—Ç–æ—Ä–∏—è –≤ —Ñ–∞–π–ª appsettings.json.
01:14:53 | INFO | settings_manager | –ò–∑–º–µ–Ω–µ–Ω–∞ –¥–∞—Ç–∞ –±–ª–æ–∫–∏—Ä–æ–≤–∫–∏ c 2024-01-01 –Ω–∞ 2025-01-01
01:14:53 | INFO | settings_manager | –ò–∑–º–µ–Ω–µ–Ω–∞ –¥–∞—Ç–∞ –±–ª–æ–∫–∏—Ä–æ–≤–∫–∏ c 1900-01-01 –Ω–∞ 2025-05-12
01:14:53 | INFO | storage_service | –°–æ—Ö—Ä–∞–Ω–µ–Ω–∏–µ —Ä–µ–ø–æ–∑–∏—Ç–æ—Ä–∏—è –≤ —Ñ–∞–π–ª appsettings.json.
01:14:53 | INFO | storage_service | –ü–µ—Ä–µ—Å—á–∏—Ç–∞–Ω—ã –æ—Å—Ç–∞—Ç–∫–∏ –Ω–æ–º–µ–Ω–∫–ª–∞—Ç—É—Ä –¥–ª—è –Ω–æ–≤–æ–π –¥–∞—Ç—ã –±–ª–æ–∫–∏—Ä–æ–≤–∫–∏ 2025-01-01
01:14:53 | INFO | storage_service | –ü–µ—Ä–µ—Å—á–∏—Ç–∞–Ω—ã –æ—Å—Ç–∞—Ç–∫–∏ –Ω–æ–º–µ–Ω–∫–ª–∞—Ç—É—Ä –¥–ª—è –Ω–æ–≤–æ–π –¥–∞—Ç—ã –±–ª–æ–∫–∏—Ä–æ–≤–∫–∏ 2025-05-12
01:14:53 | INFO | settings_manager | –ò–∑–º–µ–Ω–µ–Ω–∞ –¥–∞—Ç–∞ –±–ª–æ–∫–∏—Ä–æ–≤–∫–∏ c 1900-01-01 –Ω–∞ 2025-05-12
01:14:53 | INFO | storage_service | –ò–∑–º–µ–Ω–µ–Ω–∏–µ –º–æ–¥–µ–ª–∏ nomenclature_model 0c101a7e-5934-4155-83a6-d2c388fcc11a.
01:14:53 | INFO | storage_service | –ü–µ—Ä–µ—Å—á–∏—Ç–∞–Ω—ã –æ—Å—Ç–∞—Ç–∫–∏ –Ω–æ–º–µ–Ω–∫–ª–∞—Ç—É—Ä –¥–ª—è –Ω–æ–≤–æ–π –¥–∞—Ç—ã –±–ª–æ–∫–∏—Ä–æ–≤–∫–∏ 2025-05-12
01:14:53 | INFO | storage_service | –°–æ—Ö—Ä–∞–Ω–µ–Ω–∏–µ —Ä–µ–ø–æ–∑–∏—Ç–æ—Ä–∏—è –≤ —Ñ–∞–π–ª appsettings.json.
01:14:53 | INFO | storage_service | –°–æ—Ö—Ä–∞–Ω–µ–Ω–∏–µ —Ä–µ–ø–æ–∑–∏—Ç–æ—Ä–∏—è –≤ —Ñ–∞–π–ª appsettings.json.
01:14:53 | INFO | settings_manager | –ò–∑–º–µ–Ω–µ–Ω–∞ –¥–∞—Ç–∞ –±–ª–æ–∫–∏—Ä–æ–≤–∫–∏ c 1900-01-01 –Ω–∞ 2025-05-12
01:14:53 | INFO | settings_manager | –ò–∑–º–µ–Ω–µ–Ω–∞ –¥–∞—Ç–∞ –±–ª–æ–∫–∏—Ä–æ–≤–∫–∏ c 1900-01-01 –Ω–∞ 2025-05-12
01:14:53 | INFO | storage_service | –ü–µ—Ä–µ—Å—á–∏—Ç–∞–Ω—ã –æ—Å—Ç–∞—Ç–∫–∏ –Ω–æ–º–µ–Ω–∫–ª–∞—Ç—É—Ä –¥–ª—è –Ω–æ–≤–æ–π –¥–∞—Ç—ã –±–ª–æ–∫–∏—Ä–æ–≤–∫–∏ 2025-05-12
01:14:53 | INFO | storage_service | –ü–µ—Ä–µ—Å—á–∏—Ç–∞–Ω—ã –æ—Å—Ç–∞—Ç–∫–∏ –Ω–æ–º–µ–Ω–∫–ª–∞—Ç—É—Ä –¥–ª—è –Ω–æ–≤–æ–π –¥–∞—Ç—ã –±–ª–æ–∫–∏—Ä–æ–≤–∫–∏ 2025-05-12
01:14:53 | INFO | storage_service | –°–æ—Ö—Ä–∞–Ω–µ–Ω–∏–µ —Ä–µ–ø–æ–∑–∏—Ç–æ—Ä–∏—è –≤ —Ñ–∞–π–ª appsettings.json.
01:14:53 | INFO | settings_manager | –ò–∑–º–µ–Ω–µ–Ω–∞ –¥–∞—Ç–∞ –±–ª–æ–∫–∏—Ä–æ–≤–∫–∏ c 1900-01-01 –Ω–∞ 2025-05-12
01:14:53 | INFO | storage_service | –ü–µ—Ä–µ—Å—á–∏—Ç–∞–Ω—ã –æ—Å—Ç–∞—Ç–∫–∏ –Ω–æ–º–µ–Ω–∫–ª–∞—Ç—É—Ä –¥–ª—è –Ω–æ–≤–æ–π –¥–∞—Ç—ã –±–ª–æ–∫–∏—Ä–æ–≤–∫–∏ 2025-05-12
01:14:54 | INFO | CRUD | –ò–∑–º–µ–Ω–µ–Ω –æ–±—ä–µ–∫—Ç nomenclature_model c id 0c101a7e-5934-4155-83a6-d2c388fcc11a –∏ dto {'unique_code': '0c101a7e-5934-4155-83a6-d2c388fcc11a', 'id': '51'}.
01:14:54 | INFO | storage_service | –£–¥–∞–ª–µ–Ω–∏–µ –º–æ–¥–µ–ª–∏ nomenclature_model 0c101a7e-5934-4155-83a6-d2c388fcc11a.
01:14:54 | ERROR | CRUD | –û—Ç–∫–∞–∑ –≤ —É–¥–∞–ª–µ–Ω–∏–∏ –æ–±—ä–µ–∫—Ç–∞ –ø–æ –ø—Ä–∏—á–∏–Ω–µ: —É–¥–∞–ª—è–µ–º—ã–π –æ–±—ä–µ–∫—Ç —Å–æ–¥–µ—Ä–∂–∏—Ç—Å—è –≤ 7f4ecdab-0f01-4216-8b72-4c91d2226935
01:14:54 | INFO | storage_service | –î–æ–±–∞–≤–ª–µ–Ω–∏–µ –Ω–æ–≤–æ–π –º–æ–¥–µ–ª–∏ nomenclature_model.
01:14:54 | INFO | CRUD | –í —Ä–µ–ø–æ–∑–∏—Ç–æ—Ä–∏–π –¥–æ–±–∞–≤–ª–µ–Ω –Ω–æ–≤—ã–π –æ–±—ä–µ–∫—Ç nomenclature_model c dto {'name': '–ê–Ω–∞–Ω–∞—Å', 'measure_id': 'adb7510f-687d-428f-a697-26e53d3f65b7', 'category_id': '7f4ecdab-0f01-4216-8b72-4c91d22b8918', 'id': '12345678'}.
01:14:54 | INFO | storage_service | –£–¥–∞–ª–µ–Ω–∏–µ –º–æ–¥–µ–ª–∏ nomenclature_model 12345678.
01:14:54 | INFO | storage_service | –î–æ–±–∞–≤–ª–µ–Ω–∏–µ –Ω–æ–≤–æ–π –º–æ–¥–µ–ª–∏ nomenclature_model.
01:14:54 | INFO | CRUD | –í —Ä–µ–ø–æ–∑–∏—Ç–æ—Ä–∏–π –¥–æ–±–∞–≤–ª–µ–Ω –Ω–æ–≤—ã–π –æ–±—ä–µ–∫—Ç nomenclature_model c dto {'name': '–ê–Ω–∞–Ω–∞—Å', 'measure_id': 'adb7510f-687d-428f-a697-26e53d3f65b7', 'category_id': '7f4ecdab-0f01-4216-8b72-4c91d22b8918', 'id': '12345678'}.
01:14:54 | INFO | CRUD | –£–¥–∞–ª–µ–Ω –æ–±—ä–µ–∫—Ç nomenclature_model c id 12345678.
01:14:54 | INFO | storage_service | –£–¥–∞–ª–µ–Ω–∏–µ –º–æ–¥–µ–ª–∏ nomenclature_model 12345678.
01:14:54 | INFO | CRUD | –£–¥–∞–ª–µ–Ω –æ–±—ä–µ–∫—Ç nomenclature_model c id 12345678.
01:14:54 | INFO | storage_service | –°–æ—Ö—Ä–∞–Ω–µ–Ω–∏–µ —Ä–µ–ø–æ–∑–∏—Ç–æ—Ä–∏—è –≤ —Ñ–∞–π–ª appsettings.json.
01:14:54 | INFO | settings_manager | –ò–∑–º–µ–Ω–µ–Ω–∞ –¥–∞—Ç–∞ –±–ª–æ–∫–∏—Ä–æ–≤–∫–∏ c 2024-01-01 –Ω–∞ 2025-01-01
01:14:54 | INFO | storage_service | –ü–µ—Ä–µ—Å—á–∏—Ç–∞–Ω—ã –æ—Å—Ç–∞—Ç–∫–∏ –Ω–æ–º–µ–Ω–∫–ª–∞—Ç—É—Ä –¥–ª—è –Ω–æ–≤–æ–π –¥–∞—Ç—ã –±–ª–æ–∫–∏—Ä–æ–≤–∫–∏ 2025-01-01
01:14:55 | INFO | storage_service | –ò–∑–º–µ–Ω–µ–Ω–∏–µ –º–æ–¥–µ–ª–∏ nomenclature_model 0c101a7e-5934-4155-83a6-d2c388fcc11a.
01:14:57 | INFO | CRUD | –ò–∑–º–µ–Ω–µ–Ω –æ–±—ä–µ–∫—Ç nomenclature_model c id 0c101a7e-5934-4155-83a6-d2c388fcc11a –∏ dto {'unique_code': '0c101a7e-5934-4155-83a6-d2c388fcc11a', 'id': '51'}.
01:14:58 | INFO | storage_service | –£–¥–∞–ª–µ–Ω–∏–µ –º–æ–¥–µ–ª–∏ nomenclature_model 0c101a7e-5934-4155-83a6-d2c388fcc11a.
01:14:58 | ERROR | CRUD | –û—Ç–∫–∞–∑ –≤ —É–¥–∞–ª–µ–Ω–∏–∏ –æ–±—ä–µ–∫—Ç–∞ –ø–æ –ø—Ä–∏—á–∏–Ω–µ: —É–¥–∞–ª—è–µ–º—ã–π –æ–±—ä–µ–∫—Ç —Å–æ–¥–µ—Ä–∂–∏—Ç—Å—è –≤ 7f4ecdab-0f01-4216-8b72-4c91d2226935
01:14:58 | INFO | storage_service | –î–æ–±–∞–≤–ª–µ–Ω–∏–µ –Ω–æ–≤–æ–π –º–æ–¥–µ–ª–∏ nomenclature_model.
01:14:58 | INFO | CRUD | –í —Ä–µ–ø–æ–∑–∏—Ç–æ—Ä–∏–π –¥–æ–±–∞–≤–ª–µ–Ω –Ω–æ–≤—ã–π –æ–±—ä–µ–∫—Ç nomenclature_model c dto {'name': '–ê–Ω–∞–Ω–∞—Å', 'measure_id': 'adb7510f-687d-428f-a697-26e53d3f65b7', 'category_id': '7f4ecdab-0f01-4216-8b72-4c91d22b8918', 'id': '12345678'}.
01:14:58 | INFO | storage_service | –£–¥–∞–ª–µ–Ω–∏–µ –º–æ–¥–µ–ª–∏ nomenclature_model 12345678.
01:14:58 | INFO | CRUD | –£–¥–∞–ª–µ–Ω –æ–±—ä–µ–∫—Ç nomenclature_model c id 12345678.
